#
# There is insufficient memory for the Java Runtime Environment to continue.
# Native memory allocation (malloc) failed to allocate 1047856 bytes for Chunk::new
# Possible reasons:
#   The system is out of physical RAM or swap space
#   In 32 bit mode, the process size limit was hit
# Possible solutions:
#   Reduce memory load on the system
#   Increase physical memory or swap space
#   Check if swap backing store is full
#   Use 64 bit Java on a 64 bit OS
#   Decrease Java heap size (-Xmx/-Xms)
#   Decrease number of Java threads
#   Decrease Java thread stack sizes (-Xss)
#   Set larger code cache with -XX:ReservedCodeCacheSize=
# This output file may be truncated or incomplete.
#
#  Out of Memory Error (allocation.cpp:390), pid=14036, tid=3776
#
# JRE version: Java(TM) SE Runtime Environment (8.0_51-b16) (build 1.8.0_51-b16)
# Java VM: Java HotSpot(TM) 64-Bit Server VM (25.51-b03 mixed mode windows-amd64 compressed oops)
# Failed to write core dump. Minidumps are not enabled by default on client versions of Windows
#

---------------  T H R E A D  ---------------

Current thread (0x0000000017581800):  JavaThread "C2 CompilerThread1" daemon [_thread_in_native, id=3776, stack(0x0000000018d00000,0x0000000018e00000)]

Stack: [0x0000000018d00000,0x0000000018e00000]
Native frames: (J=compiled Java code, j=interpreted, Vv=VM code, C=native code)
V  [jvm.dll+0x32b4ca]
V  [jvm.dll+0x2797e3]
V  [jvm.dll+0x27a479]
V  [jvm.dll+0x271765]
V  [jvm.dll+0xcba02]
V  [jvm.dll+0xcbecc]
V  [jvm.dll+0x476f72]
V  [jvm.dll+0x4b95ff]
V  [jvm.dll+0x46bb38]
V  [jvm.dll+0x46cd4e]
V  [jvm.dll+0x4501a2]
V  [jvm.dll+0xa43a2]
V  [jvm.dll+0xa4cdf]
V  [jvm.dll+0x2418a4]
V  [jvm.dll+0x29846a]
C  [msvcr100.dll+0x21d9f]
C  [msvcr100.dll+0x21e3b]
C  [KERNEL32.DLL+0x11fe4]
C  [ntdll.dll+0x6efc1]


Current CompileTask:
C2:   8993 1981   !   4       com.android.dx.cf.code.RopperMachine::run (1550 bytes)


---------------  P R O C E S S  ---------------

Java Threads: ( => current thread )
  0x00000000192ec000 JavaThread "pool-1-thread-4" [_thread_in_Java, id=2196, stack(0x000000001a100000,0x000000001a200000)]
  0x00000000192eb800 JavaThread "pool-1-thread-3" [_thread_blocked, id=14044, stack(0x000000001a000000,0x000000001a100000)]
  0x00000000191ec000 JavaThread "pool-1-thread-2" [_thread_in_Java, id=8076, stack(0x0000000019f00000,0x000000001a000000)]
  0x00000000191df800 JavaThread "pool-2-thread-1" [_thread_blocked, id=14840, stack(0x0000000019e00000,0x0000000019f00000)]
  0x00000000191dd800 JavaThread "pool-1-thread-1" [_thread_in_vm, id=3104, stack(0x0000000019d00000,0x0000000019e00000)]
  0x0000000018f0b800 JavaThread "Service Thread" daemon [_thread_blocked, id=15352, stack(0x0000000019300000,0x0000000019400000)]
  0x00000000175da000 JavaThread "C1 CompilerThread2" daemon [_thread_blocked, id=1720, stack(0x0000000018e00000,0x0000000018f00000)]
=>0x0000000017581800 JavaThread "C2 CompilerThread1" daemon [_thread_in_native, id=3776, stack(0x0000000018d00000,0x0000000018e00000)]
  0x000000001757f000 JavaThread "C2 CompilerThread0" daemon [_thread_in_native, id=1164, stack(0x0000000018c00000,0x0000000018d00000)]
  0x000000001757c800 JavaThread "Attach Listener" daemon [_thread_blocked, id=9144, stack(0x0000000018b00000,0x0000000018c00000)]
  0x000000001757b000 JavaThread "Signal Dispatcher" daemon [_thread_blocked, id=10820, stack(0x0000000018a00000,0x0000000018b00000)]
  0x0000000004e80800 JavaThread "Finalizer" daemon [_thread_blocked, id=14112, stack(0x0000000018800000,0x0000000018900000)]
  0x0000000004e7d800 JavaThread "Reference Handler" daemon [_thread_blocked, id=7692, stack(0x0000000018700000,0x0000000018800000)]
  0x0000000004b8d800 JavaThread "main" [_thread_in_Java, id=6080, stack(0x0000000004b90000,0x0000000004c90000)]

Other Threads:
  0x0000000017548800 VMThread [stack: 0x0000000018600000,0x0000000018700000] [id=13116]
  0x0000000018f01800 WatcherThread [stack: 0x0000000019400000,0x0000000019500000] [id=8804]

VM state:not at safepoint (normal execution)

VM Mutex/Monitor currently owned by a thread: None

Heap:
 PSYoungGen      total 71680K, used 24096K [0x00000000eab00000, 0x00000000ef600000, 0x0000000100000000)
  eden space 66560K, 28% used [0x00000000eab00000,0x00000000ebd90330,0x00000000eec00000)
  from space 5120K, 99% used [0x00000000eec00000,0x00000000ef0f8018,0x00000000ef100000)
  to   space 5120K, 0% used [0x00000000ef100000,0x00000000ef100000,0x00000000ef600000)
 ParOldGen       total 87552K, used 14108K [0x00000000c0000000, 0x00000000c5580000, 0x00000000eab00000)
  object space 87552K, 16% used [0x00000000c0000000,0x00000000c0dc72a8,0x00000000c5580000)
 Metaspace       used 6342K, capacity 7216K, committed 7296K, reserved 1056768K
  class space    used 595K, capacity 616K, committed 640K, reserved 1048576K

Card table byte_map: [0x0000000014250000,0x0000000014460000] byte_map_base: 0x0000000013c50000

Marking Bits: (ParMarkBitMap*) 0x0000000073fc4040
 Begin Bits: [0x00000000149c0000, 0x00000000159c0000)
 End Bits:   [0x00000000159c0000, 0x00000000169c0000)

Polling page: 0x0000000003390000

CodeCache: size=245760Kb used=8563Kb max_used=8563Kb free=237196Kb
 bounds [0x0000000004e90000, 0x0000000005700000, 0x0000000013e90000]
 total_blobs=2211 nmethods=1940 adapters=183
 compilation: enabled

Compilation events (10 events):
Event: 8.903 Thread 0x0000000017581800 nmethod 1979 0x00000000056dd010 code [0x00000000056dd160, 0x00000000056dd618]
Event: 8.903 Thread 0x0000000017581800 1981   !   4       com.android.dx.cf.code.RopperMachine::run (1550 bytes)
Event: 8.907 Thread 0x000000001757f000 nmethod 1976 0x00000000056db750 code [0x00000000056dc0e0, 0x00000000056dc828]
Event: 8.907 Thread 0x000000001757f000 1980   !   4       com.android.dx.cf.code.BytecodeArray::parseInstruction (2764 bytes)
Event: 8.914 Thread 0x00000000175da000 1982       2       com.android.dx.dex.code.RopTranslator$TranslationVisitor::visitThrowingInsn (118 bytes)
Event: 8.916 Thread 0x00000000175da000 nmethod 1982 0x00000000056e3b10 code [0x00000000056e3d60, 0x00000000056e44c8]
Event: 8.929 Thread 0x00000000175da000 1983       2       com.android.dx.dex.file.ClassDataItem::addStaticField (51 bytes)
Event: 8.931 Thread 0x00000000175da000 nmethod 1983 0x00000000056df090 code [0x00000000056df280, 0x00000000056df828]
Event: 8.963 Thread 0x00000000175da000 1986 %     3       com.android.dx.ssa.SsaBasicBlock::newFromRop @ 58 (183 bytes)
Event: 8.966 Thread 0x00000000175da000 nmethod 1986% 0x00000000056f1350 code [0x00000000056f1660, 0x00000000056f3528]

GC Heap History (6 events):
Event: 3.248 GC heap before
{Heap before GC invocations=1 (full 0):
 PSYoungGen      total 38400K, used 33280K [0x00000000eab00000, 0x00000000ed580000, 0x0000000100000000)
  eden space 33280K, 100% used [0x00000000eab00000,0x00000000ecb80000,0x00000000ecb80000)
  from space 5120K, 0% used [0x00000000ed080000,0x00000000ed080000,0x00000000ed580000)
  to   space 5120K, 0% used [0x00000000ecb80000,0x00000000ecb80000,0x00000000ed080000)
 ParOldGen       total 87552K, used 0K [0x00000000c0000000, 0x00000000c5580000, 0x00000000eab00000)
  object space 87552K, 0% used [0x00000000c0000000,0x00000000c0000000,0x00000000c5580000)
 Metaspace       used 5853K, capacity 6832K, committed 7040K, reserved 1056768K
  class space    used 590K, capacity 616K, committed 640K, reserved 1048576K
Event: 3.356 GC heap after
Heap after GC invocations=1 (full 0):
 PSYoungGen      total 38400K, used 4961K [0x00000000eab00000, 0x00000000ef600000, 0x0000000100000000)
  eden space 33280K, 0% used [0x00000000eab00000,0x00000000eab00000,0x00000000ecb80000)
  from space 5120K, 96% used [0x00000000ecb80000,0x00000000ed058760,0x00000000ed080000)
  to   space 5120K, 0% used [0x00000000ef100000,0x00000000ef100000,0x00000000ef600000)
 ParOldGen       total 87552K, used 16K [0x00000000c0000000, 0x00000000c5580000, 0x00000000eab00000)
  object space 87552K, 0% used [0x00000000c0000000,0x00000000c0004000,0x00000000c5580000)
 Metaspace       used 5853K, capacity 6832K, committed 7040K, reserved 1056768K
  class space    used 590K, capacity 616K, committed 640K, reserved 1048576K
}
Event: 5.716 GC heap before
{Heap before GC invocations=2 (full 0):
 PSYoungGen      total 38400K, used 38241K [0x00000000eab00000, 0x00000000ef600000, 0x0000000100000000)
  eden space 33280K, 100% used [0x00000000eab00000,0x00000000ecb80000,0x00000000ecb80000)
  from space 5120K, 96% used [0x00000000ecb80000,0x00000000ed058760,0x00000000ed080000)
  to   space 5120K, 0% used [0x00000000ef100000,0x00000000ef100000,0x00000000ef600000)
 ParOldGen       total 87552K, used 16K [0x00000000c0000000, 0x00000000c5580000, 0x00000000eab00000)
  object space 87552K, 0% used [0x00000000c0000000,0x00000000c0004000,0x00000000c5580000)
 Metaspace       used 6197K, capacity 7088K, committed 7296K, reserved 1056768K
  class space    used 595K, capacity 616K, committed 640K, reserved 1048576K
Event: 5.881 GC heap after
Heap after GC invocations=2 (full 0):
 PSYoungGen      total 71680K, used 5107K [0x00000000eab00000, 0x00000000ef600000, 0x0000000100000000)
  eden space 66560K, 0% used [0x00000000eab00000,0x00000000eab00000,0x00000000eec00000)
  from space 5120K, 99% used [0x00000000ef100000,0x00000000ef5fce58,0x00000000ef600000)
  to   space 5120K, 0% used [0x00000000eec00000,0x00000000eec00000,0x00000000ef100000)
 ParOldGen       total 87552K, used 3269K [0x00000000c0000000, 0x00000000c5580000, 0x00000000eab00000)
  object space 87552K, 3% used [0x00000000c0000000,0x00000000c03316f0,0x00000000c5580000)
 Metaspace       used 6197K, capacity 7088K, committed 7296K, reserved 1056768K
  class space    used 595K, capacity 616K, committed 640K, reserved 1048576K
}
Event: 8.688 GC heap before
{Heap before GC invocations=3 (full 0):
 PSYoungGen      total 71680K, used 71667K [0x00000000eab00000, 0x00000000ef600000, 0x0000000100000000)
  eden space 66560K, 100% used [0x00000000eab00000,0x00000000eec00000,0x00000000eec00000)
  from space 5120K, 99% used [0x00000000ef100000,0x00000000ef5fce58,0x00000000ef600000)
  to   space 5120K, 0% used [0x00000000eec00000,0x00000000eec00000,0x00000000ef100000)
 ParOldGen       total 87552K, used 3269K [0x00000000c0000000, 0x00000000c5580000, 0x00000000eab00000)
  object space 87552K, 3% used [0x00000000c0000000,0x00000000c03316f0,0x00000000c5580000)
 Metaspace       used 6340K, capacity 7216K, committed 7296K, reserved 1056768K
  class space    used 595K, capacity 616K, committed 640K, reserved 1048576K
Event: 8.836 GC heap after
Heap after GC invocations=3 (full 0):
 PSYoungGen      total 71680K, used 5088K [0x00000000eab00000, 0x00000000ef600000, 0x0000000100000000)
  eden space 66560K, 0% used [0x00000000eab00000,0x00000000eab00000,0x00000000eec00000)
  from space 5120K, 99% used [0x00000000eec00000,0x00000000ef0f8018,0x00000000ef100000)
  to   space 5120K, 0% used [0x00000000ef100000,0x00000000ef100000,0x00000000ef600000)
 ParOldGen       total 87552K, used 14108K [0x00000000c0000000, 0x00000000c5580000, 0x00000000eab00000)
  object space 87552K, 16% used [0x00000000c0000000,0x00000000c0dc72a8,0x00000000c5580000)
 Metaspace       used 6340K, capacity 7216K, committed 7296K, reserved 1056768K
  class space    used 595K, capacity 616K, committed 640K, reserved 1048576K
}

Deoptimization events (10 events):
Event: 8.312 Thread 0x00000000191ec000 Uncommon trap: reason=bimorphic action=maybe_recompile pc=0x0000000005620a30 method=com.android.dx.cf.code.BytecodeArray.parseInstruction(ILcom/android/dx/cf/code/BytecodeArray$Visitor;)I @ 1501
Event: 8.837 Thread 0x00000000191ec000 Uncommon trap: reason=bimorphic action=maybe_recompile pc=0x0000000005668080 method=com.android.dx.cf.code.RopperMachine.run(Lcom/android/dx/cf/code/Frame;II)V @ 310
Event: 8.838 Thread 0x00000000191ec000 Uncommon trap: reason=bimorphic action=maybe_recompile pc=0x0000000005668080 method=com.android.dx.cf.code.RopperMachine.run(Lcom/android/dx/cf/code/Frame;II)V @ 310
Event: 8.849 Thread 0x00000000192ec000 Uncommon trap: reason=bimorphic action=maybe_recompile pc=0x0000000005620a30 method=com.android.dx.cf.code.BytecodeArray.parseInstruction(ILcom/android/dx/cf/code/BytecodeArray$Visitor;)I @ 1501
Event: 8.849 Thread 0x00000000192ec000 Uncommon trap: reason=bimorphic action=maybe_recompile pc=0x0000000005620770 method=com.android.dx.cf.code.BytecodeArray.parseInstruction(ILcom/android/dx/cf/code/BytecodeArray$Visitor;)I @ 2135
Event: 8.849 Thread 0x00000000192ec000 Uncommon trap: reason=bimorphic action=maybe_recompile pc=0x0000000005620a30 method=com.android.dx.cf.code.BytecodeArray.parseInstruction(ILcom/android/dx/cf/code/BytecodeArray$Visitor;)I @ 1501
Event: 8.869 Thread 0x00000000191ec000 Uncommon trap: reason=bimorphic action=maybe_recompile pc=0x0000000005350a88 method=java.util.HashMap.getNode(ILjava/lang/Object;)Ljava/util/HashMap$Node; @ 126
Event: 8.889 Thread 0x00000000191ec000 Uncommon trap: reason=unstable_if action=reinterpret pc=0x00000000053bab10 method=com.android.dx.ssa.SCCP.simulateStmt(Lcom/android/dx/ssa/SsaInsn;)V @ 53
Event: 8.892 Thread 0x00000000191ec000 Uncommon trap: reason=bimorphic action=maybe_recompile pc=0x0000000005350a88 method=java.util.HashMap.getNode(ILjava/lang/Object;)Ljava/util/HashMap$Node; @ 126
Event: 8.899 Thread 0x00000000191dd800 Uncommon trap: reason=unstable_if action=reinterpret pc=0x000000000535d058 method=com.android.dx.rop.code.RegisterSpec.equals(ILcom/android/dx/rop/type/TypeBearer;Lcom/android/dx/rop/code/LocalItem;)Z @ 42

Internal exceptions (5 events):
Event: 0.535 Thread 0x0000000004b8d800 Exception <a 'java/lang/NoSuchMethodError': Method sun.misc.Unsafe.defineClass(Ljava/lang/String;[BII)Ljava/lang/Class; name or signature does not match> (0x00000000eab0d7a8) thrown at [C:\re\workspace\8-2-build-windows-amd64-cygwin\jdk8u51\3951\hotspot\srÉ!ø­P!á?
Event: 0.535 Thread 0x0000000004b8d800 Exception <a 'java/lang/NoSuchMethodError': Method sun.misc.Unsafe.prefetchRead(Ljava/lang/Object;J)V name or signature does not match> (0x00000000eab0da38) thrown at [C:\re\workspace\8-2-build-windows-amd64-cygwin\jdk8u51\3951\hotspot\src\share\vm\prims\j‰ƒs]X¶@
Event: 5.928 Thread 0x00000000191ec000 Implicit null exception at 0x00000000052e8546 to 0x00000000052e9c65
Event: 5.929 Thread 0x00000000191ec000 Implicit null exception at 0x000000000531b1ba to 0x000000000531c669
Event: 6.976 Thread 0x00000000192eb800 Implicit null exception at 0x0000000005361422 to 0x0000000005361512

Events (10 events):
Event: 8.889 Thread 0x00000000191ec000 DEOPT PACKING pc=0x00000000053bab10 sp=0x0000000019ffe910
Event: 8.889 Thread 0x00000000191ec000 DEOPT UNPACKING pc=0x0000000004ed582a sp=0x0000000019ffe8e8 mode 2
Event: 8.892 Thread 0x00000000191ec000 Uncommon trap: trap_request=0xffffffc6 fr.pc=0x0000000005350a88
Event: 8.892 Thread 0x00000000191ec000 DEOPT PACKING pc=0x0000000005350a88 sp=0x0000000019ffe720
Event: 8.892 Thread 0x00000000191ec000 DEOPT UNPACKING pc=0x0000000004ed582a sp=0x0000000019ffe648 mode 2
Event: 8.899 Thread 0x00000000191dd800 Uncommon trap: trap_request=0xffffff65 fr.pc=0x000000000535d058
Event: 8.899 Thread 0x00000000191dd800 DEOPT PACKING pc=0x000000000535d058 sp=0x0000000019dfe6e0
Event: 8.899 Thread 0x00000000191dd800 DEOPT UNPACKING pc=0x0000000004ed582a sp=0x0000000019dfe668 mode 2
Event: 8.960 Thread 0x00000000192eb800 DEOPT PACKING pc=0x000000000529d659 sp=0x000000001a0fe840
Event: 8.960 Thread 0x00000000192eb800 DEOPT UNPACKING pc=0x0000000004ed787f sp=0x000000001a0fe670 mode 0


Dynamic libraries:
0x00007ff7ed090000 - 0x00007ff7ed0c7000 	C:\Program Files\Java\jdk1.8.0_51\bin\java.exe
0x00007ffd47c80000 - 0x00007ffd47e60000 	C:\WINDOWS\SYSTEM32\ntdll.dll
0x00007ffd477b0000 - 0x00007ffd4785e000 	C:\WINDOWS\System32\KERNEL32.DLL
0x00007ffd44a40000 - 0x00007ffd44ca6000 	C:\WINDOWS\System32\KERNELBASE.dll
0x00007ffd45690000 - 0x00007ffd45731000 	C:\WINDOWS\System32\ADVAPI32.dll
0x00007ffd47bb0000 - 0x00007ffd47c4d000 	C:\WINDOWS\System32\msvcrt.dll
0x00007ffd45630000 - 0x00007ffd4568b000 	C:\WINDOWS\System32\sechost.dll
0x00007ffd46e80000 - 0x00007ffd46f9f000 	C:\WINDOWS\System32\RPCRT4.dll
0x00007ffd45470000 - 0x00007ffd455ff000 	C:\WINDOWS\System32\USER32.dll
0x00007ffd44a20000 - 0x00007ffd44a40000 	C:\WINDOWS\System32\win32u.dll
0x00007ffd47500000 - 0x00007ffd47528000 	C:\WINDOWS\System32\GDI32.dll
0x00007ffd44f50000 - 0x00007ffd450e3000 	C:\WINDOWS\System32\gdi32full.dll
0x00007ffd448d0000 - 0x00007ffd4496b000 	C:\WINDOWS\System32\msvcp_win.dll
0x00007ffd44080000 - 0x00007ffd44176000 	C:\WINDOWS\System32\ucrtbase.dll
0x00007ffd34860000 - 0x00007ffd34ac9000 	C:\WINDOWS\WinSxS\amd64_microsoft.windows.common-controls_6595b64144ccf1df_6.0.16299.248_none_15ced204935f55d7\COMCTL32.dll
0x00007ffd45150000 - 0x00007ffd45458000 	C:\WINDOWS\System32\combase.dll
0x00007ffd44d00000 - 0x00007ffd44d72000 	C:\WINDOWS\System32\bcryptPrimitives.dll
0x00007ffd47020000 - 0x00007ffd4704d000 	C:\WINDOWS\System32\IMM32.DLL
0x0000000074050000 - 0x0000000074122000 	C:\Program Files\Java\jdk1.8.0_51\jre\bin\msvcr100.dll
0x00000000737c0000 - 0x0000000074043000 	C:\Program Files\Java\jdk1.8.0_51\jre\bin\server\jvm.dll
0x00007ffd45460000 - 0x00007ffd45468000 	C:\WINDOWS\System32\PSAPI.DLL
0x00007ffd3bd80000 - 0x00007ffd3bd89000 	C:\WINDOWS\SYSTEM32\WSOCK32.dll
0x00007ffd46fa0000 - 0x00007ffd4700c000 	C:\WINDOWS\System32\WS2_32.dll
0x00007ffd41f90000 - 0x00007ffd41fb3000 	C:\WINDOWS\SYSTEM32\WINMM.dll
0x00007ffd36ca0000 - 0x00007ffd36caa000 	C:\WINDOWS\SYSTEM32\VERSION.dll
0x00007ffd41f60000 - 0x00007ffd41f8a000 	C:\WINDOWS\SYSTEM32\WINMMBASE.dll
0x00007ffd44cb0000 - 0x00007ffd44cfa000 	C:\WINDOWS\System32\cfgmgr32.dll
0x0000000074310000 - 0x000000007431f000 	C:\Program Files\Java\jdk1.8.0_51\jre\bin\verify.dll
0x0000000073790000 - 0x00000000737b9000 	C:\Program Files\Java\jdk1.8.0_51\jre\bin\java.dll
0x0000000073770000 - 0x0000000073786000 	C:\Program Files\Java\jdk1.8.0_51\jre\bin\zip.dll
0x00007ffd45890000 - 0x00007ffd46cc6000 	C:\WINDOWS\System32\SHELL32.dll
0x00007ffd476a0000 - 0x00007ffd47746000 	C:\WINDOWS\System32\shcore.dll
0x00007ffd44180000 - 0x00007ffd448c7000 	C:\WINDOWS\System32\windows.storage.dll
0x00007ffd474a0000 - 0x00007ffd474f1000 	C:\WINDOWS\System32\shlwapi.dll
0x00007ffd43ff0000 - 0x00007ffd44001000 	C:\WINDOWS\System32\kernel.appcore.dll
0x00007ffd44010000 - 0x00007ffd4405c000 	C:\WINDOWS\System32\powrprof.dll
0x00007ffd43fd0000 - 0x00007ffd43feb000 	C:\WINDOWS\System32\profapi.dll
0x00007ffd36a80000 - 0x00007ffd36c48000 	C:\WINDOWS\SYSTEM32\dbghelp.dll

VM Arguments:
jvm_args: -Djava.awt.headless=true -Xmx1024M -Dfile.encoding=windows-1252 -Duser.country=US -Duser.language=en -Duser.variant 
java_command: com.android.dx.command.Main --dex --num-threads=4 --output C:\tmp\T02.02-Solution-AddMenu\app\intermediates\pre-dexed\debug\com.android.support-support-compat-25.1.0_a9aca0e3bdee30708ce33a21f38a8f39a96882b6.jar C:\tmp\T02.02-Solution-AddMenu\app\intermediates\exploded-aar\com.android.support\support-compat\25.1.0\jars\classes.jar
java_class_path (initial): C:\Users\Jack\AppData\Local\Android\sdk\build-tools\25.0.2\lib\dx.jar
Launcher Type: SUN_STANDARD

Environment Variables:
JAVA_HOME=C:\Program Files\Java\jdk1.8.0_51
PATH=C:\MinGW\bin;C:\MinGW\msys\1.0\bin;C:\ProgramData\Oracle\Java\javapath;C:\Windows\system32;C:\Windows;C:\Windows\System32\Wbem;C:\Windows\System32\WindowsPowerShell\v1.0\;C:\Program Files (x86)\ATI Technologies\ATI.ACE\Core-Static;C:\Python27\;C:\Python27\Scripts\;C:\Program Files\Microsoft SQL Server\130\Tools\Binn\;C:\Program Files (x86)\Windows Kits\10\Windows Performance Toolkit\;C:\WINDOWS\system32;C:\WINDOWS;C:\WINDOWS\System32\Wbem;C:\WINDOWS\System32\WindowsPowerShell\v1.0\;C:\Program Files (x86)\Skype\Phone\;C:\Program Files (x86)\GtkSharp\2.12\bin;C:\Users\Jack\AppData\Local\Android\sdk\platform-tools;C:\Users\Jack\AppData\Local\Android\sdk\tools;C:\Program Files\nodejs\;C:\Ruby24-x64\bin;C:\Program Files\Git\bin;C:\Program Files\Git\cmd;C:\Program Files\MongoDB\Server\3.6\bin;C:\Ruby24-x64\bin;C:\Users\Jack\AppData\Local\Google\Cloud SDK\google-cloud-sdk\bin;C:\Users\Jack\AppData\Roaming\npm;C:\Users\Jack\Anaconda3;C:\Users\Jack\Anaconda3\Scripts;
USERNAME=Jack
OS=Windows_NT
PROCESSOR_IDENTIFIER=Intel64 Family 6 Model 42 Stepping 7, GenuineIntel



---------------  S Y S T E M  ---------------

OS: Windows 10.0 , 64 bit Build 16299 (10.0.16299.15)

CPU:total 4 (2 cores per cpu, 2 threads per core) family 6 model 42 stepping 7, cmov, cx8, fxsr, mmx, sse, sse2, sse3, ssse3, sse4.1, sse4.2, popcnt, avx, aes, clmul, ht, tsc, tscinvbit

Memory: 4k page, physical 8302444k(717904k free), swap 10257260k(5920k free)

vm_info: Java HotSpot(TM) 64-Bit Server VM (25.51-b03) for windows-amd64 JRE (1.8.0_51-b16), built on Jun  8 2015 18:03:07 by "java_re" with MS VC++ 10.0 (VS2010)

time: Thu Oct 25 22:38:20 2018
elapsed time: 8 seconds (0d 0h 0m 8s)

