#
# There is insufficient memory for the Java Runtime Environment to continue.
# Native memory allocation (malloc) failed to allocate 955376 bytes for Chunk::new
# Possible reasons:
#   The system is out of physical RAM or swap space
#   In 32 bit mode, the process size limit was hit
# Possible solutions:
#   Reduce memory load on the system
#   Increase physical memory or swap space
#   Check if swap backing store is full
#   Use 64 bit Java on a 64 bit OS
#   Decrease Java heap size (-Xmx/-Xms)
#   Decrease number of Java threads
#   Decrease Java thread stack sizes (-Xss)
#   Set larger code cache with -XX:ReservedCodeCacheSize=
# This output file may be truncated or incomplete.
#
#  Out of Memory Error (allocation.cpp:390), pid=2780, tid=12316
#
# JRE version: Java(TM) SE Runtime Environment (8.0_51-b16) (build 1.8.0_51-b16)
# Java VM: Java HotSpot(TM) 64-Bit Server VM (25.51-b03 mixed mode windows-amd64 compressed oops)
# Failed to write core dump. Minidumps are not enabled by default on client versions of Windows
#

---------------  T H R E A D  ---------------

Current thread (0x00000000178a1800):  JavaThread "C2 CompilerThread1" daemon [_thread_in_native, id=12316, stack(0x0000000019010000,0x0000000019110000)]

Stack: [0x0000000019010000,0x0000000019110000]
Native frames: (J=compiled Java code, j=interpreted, Vv=VM code, C=native code)
V  [jvm.dll+0x32b4ca]
V  [jvm.dll+0x2797e3]
V  [jvm.dll+0x27a479]
V  [jvm.dll+0x271765]
V  [jvm.dll+0xcba02]
V  [jvm.dll+0xcbecc]
V  [jvm.dll+0x476f72]
V  [jvm.dll+0x4b95ff]
V  [jvm.dll+0x46b9bf]
V  [jvm.dll+0x46cd4e]
V  [jvm.dll+0x4501a2]
V  [jvm.dll+0xa43a2]
V  [jvm.dll+0xa4cdf]
V  [jvm.dll+0x2418a4]
V  [jvm.dll+0x29846a]
C  [msvcr100.dll+0x21d9f]
C  [msvcr100.dll+0x21e3b]
C  [KERNEL32.DLL+0x11fe4]
C  [ntdll.dll+0x6efc1]


Current CompileTask:
C2:  10354 1956       4       com.android.dx.ssa.SsaConverter::placePhiFunctions (394 bytes)


---------------  P R O C E S S  ---------------

Java Threads: ( => current thread )
  0x0000000019476800 JavaThread "pool-1-thread-4" [_thread_blocked, id=10804, stack(0x000000001a410000,0x000000001a510000)]
  0x0000000019475000 JavaThread "pool-1-thread-3" [_thread_blocked, id=11676, stack(0x000000001a310000,0x000000001a410000)]
  0x00000000194c9800 JavaThread "pool-1-thread-2" [_thread_blocked, id=14060, stack(0x000000001a210000,0x000000001a310000)]
  0x00000000194c5800 JavaThread "pool-2-thread-1" [_thread_blocked, id=15304, stack(0x000000001a110000,0x000000001a210000)]
  0x000000001960e800 JavaThread "pool-1-thread-1" [_thread_blocked, id=13072, stack(0x000000001a010000,0x000000001a110000)]
  0x000000001921e000 JavaThread "Service Thread" daemon [_thread_blocked, id=12104, stack(0x0000000019610000,0x0000000019710000)]
  0x00000000178fa800 JavaThread "C1 CompilerThread2" daemon [_thread_blocked, id=9400, stack(0x0000000019110000,0x0000000019210000)]
=>0x00000000178a1800 JavaThread "C2 CompilerThread1" daemon [_thread_in_native, id=12316, stack(0x0000000019010000,0x0000000019110000)]
  0x000000001789f800 JavaThread "C2 CompilerThread0" daemon [_thread_in_native, id=11808, stack(0x0000000018f10000,0x0000000019010000)]
  0x000000001789c800 JavaThread "Attach Listener" daemon [_thread_blocked, id=4532, stack(0x0000000018e10000,0x0000000018f10000)]
  0x000000001789b800 JavaThread "Signal Dispatcher" daemon [_thread_blocked, id=8792, stack(0x0000000018d10000,0x0000000018e10000)]
  0x00000000051c1000 JavaThread "Finalizer" daemon [_thread_blocked, id=6588, stack(0x0000000018b10000,0x0000000018c10000)]
  0x00000000051be800 JavaThread "Reference Handler" daemon [_thread_blocked, id=2088, stack(0x0000000018a10000,0x0000000018b10000)]
  0x000000000509d800 JavaThread "main" [_thread_in_Java, id=14728, stack(0x0000000004ee0000,0x0000000004fe0000)]

Other Threads:
  0x0000000017867800 VMThread [stack: 0x0000000018910000,0x0000000018a10000] [id=7808]
  0x000000001921f000 WatcherThread [stack: 0x0000000019710000,0x0000000019810000] [id=9204]

VM state:not at safepoint (normal execution)

VM Mutex/Monitor currently owned by a thread: None

Heap:
 PSYoungGen      total 71680K, used 68579K [0x00000000eab00000, 0x00000000f3700000, 0x0000000100000000)
  eden space 66560K, 95% used [0x00000000eab00000,0x00000000ee8fba58,0x00000000eec00000)
  from space 5120K, 99% used [0x00000000eec00000,0x00000000ef0fd2d8,0x00000000ef100000)
  to   space 5120K, 0% used [0x00000000f3200000,0x00000000f3200000,0x00000000f3700000)
 ParOldGen       total 87552K, used 14335K [0x00000000c0000000, 0x00000000c5580000, 0x00000000eab00000)
  object space 87552K, 16% used [0x00000000c0000000,0x00000000c0dffd58,0x00000000c5580000)
 Metaspace       used 6337K, capacity 7192K, committed 7424K, reserved 1056768K
  class space    used 615K, capacity 656K, committed 768K, reserved 1048576K

Card table byte_map: [0x0000000014590000,0x00000000147a0000] byte_map_base: 0x0000000013f90000

Marking Bits: (ParMarkBitMap*) 0x00000000522f4040
 Begin Bits: [0x0000000014d00000, 0x0000000015d00000)
 End Bits:   [0x0000000015d00000, 0x0000000016d00000)

Polling page: 0x0000000003650000

CodeCache: size=245760Kb used=8965Kb max_used=8965Kb free=236794Kb
 bounds [0x00000000051d0000, 0x0000000005aa0000, 0x00000000141d0000]
 total_blobs=2138 nmethods=1867 adapters=183
 compilation: enabled

Compilation events (10 events):
Event: 10.009 Thread 0x00000000178fa800 1976       2       com.android.dx.ssa.back.FirstFitLocalCombiningAllocator::isEven (12 bytes)
Event: 10.009 Thread 0x00000000178fa800 nmethod 1976 0x0000000005a4c810 code [0x0000000005a4c960, 0x0000000005a4cab0]
Event: 10.009 Thread 0x00000000178fa800 1977       2       com.android.dx.ssa.SsaBasicBlock::getLiveOutRegs (26 bytes)
Event: 10.010 Thread 0x00000000178fa800 nmethod 1977 0x0000000005a4e250 code [0x0000000005a4e3c0, 0x0000000005a4e6c8]
Event: 10.011 Thread 0x00000000178fa800 1978       2       com.android.dx.ssa.SsaBasicBlock::scheduleMovesFromPhis (108 bytes)
Event: 10.012 Thread 0x00000000178fa800 nmethod 1978 0x0000000005a4d590 code [0x0000000005a4d780, 0x0000000005a4dd58]
Event: 10.013 Thread 0x00000000178fa800 1979       2       com.android.dx.ssa.SsaConverter::edgeSplitMoveExceptionsAndResults (157 bytes)
Event: 10.015 Thread 0x00000000178fa800 nmethod 1979 0x0000000005a51610 code [0x0000000005a518a0, 0x0000000005a521a8]
Event: 10.023 Thread 0x00000000178fa800 1980       3       com.android.dx.ssa.back.SsaToRop::convertBasicBlocks (151 bytes)
Event: 10.025 Thread 0x00000000178fa800 nmethod 1980 0x0000000005a75650 code [0x0000000005a75960, 0x0000000005a77218]

GC Heap History (6 events):
Event: 1.646 GC heap before
{Heap before GC invocations=1 (full 0):
 PSYoungGen      total 38400K, used 33280K [0x00000000eab00000, 0x00000000ed580000, 0x0000000100000000)
  eden space 33280K, 100% used [0x00000000eab00000,0x00000000ecb80000,0x00000000ecb80000)
  from space 5120K, 0% used [0x00000000ed080000,0x00000000ed080000,0x00000000ed580000)
  to   space 5120K, 0% used [0x00000000ecb80000,0x00000000ecb80000,0x00000000ed080000)
 ParOldGen       total 87552K, used 0K [0x00000000c0000000, 0x00000000c5580000, 0x00000000eab00000)
  object space 87552K, 0% used [0x00000000c0000000,0x00000000c0000000,0x00000000c5580000)
 Metaspace       used 5951K, capacity 6896K, committed 7040K, reserved 1056768K
  class space    used 590K, capacity 616K, committed 640K, reserved 1048576K
Event: 1.696 GC heap after
Heap after GC invocations=1 (full 0):
 PSYoungGen      total 38400K, used 5105K [0x00000000eab00000, 0x00000000ef600000, 0x0000000100000000)
  eden space 33280K, 0% used [0x00000000eab00000,0x00000000eab00000,0x00000000ecb80000)
  from space 5120K, 99% used [0x00000000ecb80000,0x00000000ed07c470,0x00000000ed080000)
  to   space 5120K, 0% used [0x00000000ef100000,0x00000000ef100000,0x00000000ef600000)
 ParOldGen       total 87552K, used 913K [0x00000000c0000000, 0x00000000c5580000, 0x00000000eab00000)
  object space 87552K, 1% used [0x00000000c0000000,0x00000000c00e4788,0x00000000c5580000)
 Metaspace       used 5951K, capacity 6896K, committed 7040K, reserved 1056768K
  class space    used 590K, capacity 616K, committed 640K, reserved 1048576K
}
Event: 2.502 GC heap before
{Heap before GC invocations=2 (full 0):
 PSYoungGen      total 38400K, used 38385K [0x00000000eab00000, 0x00000000ef600000, 0x0000000100000000)
  eden space 33280K, 100% used [0x00000000eab00000,0x00000000ecb80000,0x00000000ecb80000)
  from space 5120K, 99% used [0x00000000ecb80000,0x00000000ed07c470,0x00000000ed080000)
  to   space 5120K, 0% used [0x00000000ef100000,0x00000000ef100000,0x00000000ef600000)
 ParOldGen       total 87552K, used 1368K [0x00000000c0000000, 0x00000000c5580000, 0x00000000eab00000)
  object space 87552K, 1% used [0x00000000c0000000,0x00000000c0156000,0x00000000c5580000)
 Metaspace       used 6169K, capacity 7088K, committed 7296K, reserved 1056768K
  class space    used 593K, capacity 616K, committed 640K, reserved 1048576K
Event: 2.580 GC heap after
Heap after GC invocations=2 (full 0):
 PSYoungGen      total 71680K, used 5090K [0x00000000eab00000, 0x00000000ef600000, 0x0000000100000000)
  eden space 66560K, 0% used [0x00000000eab00000,0x00000000eab00000,0x00000000eec00000)
  from space 5120K, 99% used [0x00000000ef100000,0x00000000ef5f8be8,0x00000000ef600000)
  to   space 5120K, 0% used [0x00000000eec00000,0x00000000eec00000,0x00000000ef100000)
 ParOldGen       total 87552K, used 5526K [0x00000000c0000000, 0x00000000c5580000, 0x00000000eab00000)
  object space 87552K, 6% used [0x00000000c0000000,0x00000000c0565b58,0x00000000c5580000)
 Metaspace       used 6169K, capacity 7088K, committed 7296K, reserved 1056768K
  class space    used 593K, capacity 616K, committed 640K, reserved 1048576K
}
Event: 8.801 GC heap before
{Heap before GC invocations=3 (full 0):
 PSYoungGen      total 71680K, used 71650K [0x00000000eab00000, 0x00000000ef600000, 0x0000000100000000)
  eden space 66560K, 100% used [0x00000000eab00000,0x00000000eec00000,0x00000000eec00000)
  from space 5120K, 99% used [0x00000000ef100000,0x00000000ef5f8be8,0x00000000ef600000)
  to   space 5120K, 0% used [0x00000000eec00000,0x00000000eec00000,0x00000000ef100000)
 ParOldGen       total 87552K, used 5528K [0x00000000c0000000, 0x00000000c5580000, 0x00000000eab00000)
  object space 87552K, 6% used [0x00000000c0000000,0x00000000c05660e8,0x00000000c5580000)
 Metaspace       used 6308K, capacity 7192K, committed 7424K, reserved 1056768K
  class space    used 615K, capacity 656K, committed 768K, reserved 1048576K
Event: 9.077 GC heap after
Heap after GC invocations=3 (full 0):
 PSYoungGen      total 71680K, used 5108K [0x00000000eab00000, 0x00000000f3700000, 0x0000000100000000)
  eden space 66560K, 0% used [0x00000000eab00000,0x00000000eab00000,0x00000000eec00000)
  from space 5120K, 99% used [0x00000000eec00000,0x00000000ef0fd2d8,0x00000000ef100000)
  to   space 5120K, 0% used [0x00000000f3200000,0x00000000f3200000,0x00000000f3700000)
 ParOldGen       total 87552K, used 14335K [0x00000000c0000000, 0x00000000c5580000, 0x00000000eab00000)
  object space 87552K, 16% used [0x00000000c0000000,0x00000000c0dffd58,0x00000000c5580000)
 Metaspace       used 6308K, capacity 7192K, committed 7424K, reserved 1056768K
  class space    used 615K, capacity 656K, committed 768K, reserved 1048576K
}

Deoptimization events (10 events):
Event: 4.540 Thread 0x000000001960e800 Uncommon trap: reason=unstable_if action=reinterpret pc=0x00000000058afaac method=java.util.HashMap.putVal(ILjava/lang/Object;Ljava/lang/Object;ZZ)Ljava/lang/Object; @ 109
Event: 5.753 Thread 0x000000000509d800 Uncommon trap: reason=class_check action=maybe_recompile pc=0x0000000005800c50 method=com.android.dx.rop.code.RegisterSpec.withSimpleType()Lcom/android/dx/rop/code/RegisterSpec; @ 21
Event: 6.917 Thread 0x000000000509d800 Uncommon trap: reason=class_check action=maybe_recompile pc=0x0000000005800c50 method=com.android.dx.rop.code.RegisterSpec.withSimpleType()Lcom/android/dx/rop/code/RegisterSpec; @ 21
Event: 9.316 Thread 0x000000000509d800 Uncommon trap: reason=unstable_if action=reinterpret pc=0x000000000586ba40 method=com.android.dx.rop.code.LocalVariableInfo.mergeStarts(ILcom/android/dx/rop/code/RegisterSpecSet;)Z @ 31
Event: 9.335 Thread 0x000000000509d800 Uncommon trap: reason=unstable_if action=reinterpret pc=0x00000000059dff04 method=com.android.dx.cf.code.RopperMachine.run(Lcom/android/dx/cf/code/Frame;II)V @ 1250
Event: 9.336 Thread 0x000000000509d800 Uncommon trap: reason=bimorphic action=maybe_recompile pc=0x00000000058cf680 method=com.android.dx.cf.code.BytecodeArray.parseInstruction(ILcom/android/dx/cf/code/BytecodeArray$Visitor;)I @ 1287
Event: 9.336 Thread 0x000000000509d800 Uncommon trap: reason=bimorphic action=maybe_recompile pc=0x00000000058cf680 method=com.android.dx.cf.code.BytecodeArray.parseInstruction(ILcom/android/dx/cf/code/BytecodeArray$Visitor;)I @ 1287
Event: 9.338 Thread 0x000000000509d800 Uncommon trap: reason=bimorphic action=maybe_recompile pc=0x000000000574e27c method=com.android.dx.ssa.LiteralOpUpgrader.tryReplacingWithConstant(Lcom/android/dx/ssa/NormalSsaInsn;)Z @ 52
Event: 9.338 Thread 0x000000000509d800 Uncommon trap: reason=bimorphic action=maybe_recompile pc=0x00000000057198f8 method=com.android.dx.ssa.LiteralOpUpgrader.tryReplacingWithConstant(Lcom/android/dx/ssa/NormalSsaInsn;)Z @ 52
Event: 10.011 Thread 0x000000001960e800 Uncommon trap: reason=unstable_if action=reinterpret pc=0x00000000058e2c74 method=com.android.dx.ssa.SsaBasicBlock.scheduleMovesFromPhis()V @ 63

Internal exceptions (6 events):
Event: 0.075 Thread 0x000000000509d800 Exception <a 'java/lang/NoSuchMethodError': Method sun.misc.Unsafe.defineClass(Ljava/lang/String;[BII)Ljava/lang/Class; name or signature does not match> (0x00000000eab0d800) thrown at [C:\re\workspace\8-2-build-windows-amd64-cygwin\jdk8u51\3951\hotspot\srÃ.A¿³?
Event: 0.075 Thread 0x000000000509d800 Exception <a 'java/lang/NoSuchMethodError': Method sun.misc.Unsafe.prefetchRead(Ljava/lang/Object;J)V name or signature does not match> (0x00000000eab0da90) thrown at [C:\re\workspace\8-2-build-windows-amd64-cygwin\jdk8u51\3951\hotspot\src\share\vm\prims\jOŸáÂfÿõ?
Event: 1.375 Thread 0x0000000019476800 Implicit null exception at 0x0000000005526ccc to 0x00000000055291b1
Event: 3.167 Thread 0x00000000194c9800 Exception <a 'java/lang/ArrayIndexOutOfBoundsException': 18> (0x00000000eb93ecf0) thrown at [C:\re\workspace\8-2-build-windows-amd64-cygwin\jdk8u51\3951\hotspot\src\share\vm\interpreter\interpreterRuntime.cpp, line 366]
Event: 3.168 Thread 0x00000000194c9800 Exception <a 'java/lang/ArrayIndexOutOfBoundsException'> (0x00000000eb9407c0) thrown at [C:\re\workspace\8-2-build-windows-amd64-cygwin\jdk8u51\3951\hotspot\src\share\vm\runtime\sharedRuntime.cpp, line 605]
Event: 3.169 Thread 0x00000000194c9800 Exception <a 'java/lang/ArrayIndexOutOfBoundsException'> (0x00000000eb9419f8) thrown at [C:\re\workspace\8-2-build-windows-amd64-cygwin\jdk8u51\3951\hotspot\src\share\vm\runtime\sharedRuntime.cpp, line 605]

Events (10 events):
Event: 9.597 Thread 0x00000000194c9800 DEOPT UNPACKING pc=0x000000000521787f sp=0x000000001a30e8d0 mode 0
Event: 10.003 Thread 0x0000000019475000 DEOPT PACKING pc=0x00000000055e4b43 sp=0x000000001a40e6e0
Event: 10.004 Thread 0x0000000019475000 DEOPT UNPACKING pc=0x000000000521787f sp=0x000000001a40e460 mode 0
Event: 10.011 Thread 0x000000001960e800 Uncommon trap: trap_request=0xffffff65 fr.pc=0x00000000058e2c74
Event: 10.011 Thread 0x000000001960e800 DEOPT PACKING pc=0x00000000058e2c74 sp=0x000000001a10e780
Event: 10.011 Thread 0x000000001960e800 DEOPT UNPACKING pc=0x000000000521582a sp=0x000000001a10e708 mode 2
Event: 10.015 Thread 0x000000001960e800 DEOPT PACKING pc=0x000000000567103d sp=0x000000001a10e740
Event: 10.015 Thread 0x000000001960e800 DEOPT UNPACKING pc=0x000000000521787f sp=0x000000001a10e478 mode 0
Event: 10.025 Thread 0x000000001960e800 DEOPT PACKING pc=0x000000000571feb3 sp=0x000000001a10e7a0
Event: 10.025 Thread 0x000000001960e800 DEOPT UNPACKING pc=0x000000000521787f sp=0x000000001a10e550 mode 0


Dynamic libraries:
0x00007ff614b30000 - 0x00007ff614b67000 	C:\Program Files\Java\jdk1.8.0_51\bin\java.exe
0x00007fff99cd0000 - 0x00007fff99eb0000 	C:\WINDOWS\SYSTEM32\ntdll.dll
0x00007fff98ea0000 - 0x00007fff98f4e000 	C:\WINDOWS\System32\KERNEL32.DLL
0x00007fff96390000 - 0x00007fff965f6000 	C:\WINDOWS\System32\KERNELBASE.dll
0x00007fff99080000 - 0x00007fff99121000 	C:\WINDOWS\System32\ADVAPI32.dll
0x00007fff98d20000 - 0x00007fff98dbd000 	C:\WINDOWS\System32\msvcrt.dll
0x00007fff99c40000 - 0x00007fff99c9b000 	C:\WINDOWS\System32\sechost.dll
0x00007fff988f0000 - 0x00007fff98a0f000 	C:\WINDOWS\System32\RPCRT4.dll
0x00007fff99ab0000 - 0x00007fff99c3f000 	C:\WINDOWS\System32\USER32.dll
0x00007fff96730000 - 0x00007fff96750000 	C:\WINDOWS\System32\win32u.dll
0x00007fff98a10000 - 0x00007fff98a38000 	C:\WINDOWS\System32\GDI32.dll
0x00007fff97000000 - 0x00007fff97193000 	C:\WINDOWS\System32\gdi32full.dll
0x00007fff962a0000 - 0x00007fff9633b000 	C:\WINDOWS\System32\msvcp_win.dll
0x00007fff96750000 - 0x00007fff96846000 	C:\WINDOWS\System32\ucrtbase.dll
0x00007fff89740000 - 0x00007fff899a9000 	C:\WINDOWS\WinSxS\amd64_microsoft.windows.common-controls_6595b64144ccf1df_6.0.16299.248_none_15ced204935f55d7\COMCTL32.dll
0x00007fff992e0000 - 0x00007fff995e8000 	C:\WINDOWS\System32\combase.dll
0x00007fff966b0000 - 0x00007fff96722000 	C:\WINDOWS\System32\bcryptPrimitives.dll
0x00007fff98dc0000 - 0x00007fff98ded000 	C:\WINDOWS\System32\IMM32.DLL
0x0000000052380000 - 0x0000000052452000 	C:\Program Files\Java\jdk1.8.0_51\jre\bin\msvcr100.dll
0x0000000051af0000 - 0x0000000052373000 	C:\Program Files\Java\jdk1.8.0_51\jre\bin\server\jvm.dll
0x00007fff99aa0000 - 0x00007fff99aa8000 	C:\WINDOWS\System32\PSAPI.DLL
0x00007fff90ea0000 - 0x00007fff90ea9000 	C:\WINDOWS\SYSTEM32\WSOCK32.dll
0x00007fff98a40000 - 0x00007fff98aac000 	C:\WINDOWS\System32\WS2_32.dll
0x00007fff93fe0000 - 0x00007fff94003000 	C:\WINDOWS\SYSTEM32\WINMM.dll
0x00007fff8a8a0000 - 0x00007fff8a8aa000 	C:\WINDOWS\SYSTEM32\VERSION.dll
0x00007fff93fb0000 - 0x00007fff93fda000 	C:\WINDOWS\SYSTEM32\WINMMBASE.dll
0x00007fff96340000 - 0x00007fff9638a000 	C:\WINDOWS\System32\cfgmgr32.dll
0x0000000051ae0000 - 0x0000000051aef000 	C:\Program Files\Java\jdk1.8.0_51\jre\bin\verify.dll
0x0000000051ab0000 - 0x0000000051ad9000 	C:\Program Files\Java\jdk1.8.0_51\jre\bin\java.dll
0x0000000051a90000 - 0x0000000051aa6000 	C:\Program Files\Java\jdk1.8.0_51\jre\bin\zip.dll
0x00007fff974b0000 - 0x00007fff988e6000 	C:\WINDOWS\System32\SHELL32.dll
0x00007fff98df0000 - 0x00007fff98e96000 	C:\WINDOWS\System32\shcore.dll
0x00007fff968b0000 - 0x00007fff96ff7000 	C:\WINDOWS\System32\windows.storage.dll
0x00007fff99280000 - 0x00007fff992d1000 	C:\WINDOWS\System32\shlwapi.dll
0x00007fff96060000 - 0x00007fff96071000 	C:\WINDOWS\System32\kernel.appcore.dll
0x00007fff96080000 - 0x00007fff960cc000 	C:\WINDOWS\System32\powrprof.dll
0x00007fff96040000 - 0x00007fff9605b000 	C:\WINDOWS\System32\profapi.dll
0x00007fff89dd0000 - 0x00007fff89f98000 	C:\WINDOWS\SYSTEM32\dbghelp.dll

VM Arguments:
jvm_args: -Djava.awt.headless=true -Xmx1024M -Dfile.encoding=windows-1252 -Duser.country=US -Duser.language=en -Duser.variant 
java_command: com.android.dx.command.Main --dex --num-threads=4 --output C:\tmp\T03.04-Solution-WiringUpRecyclerView\app\intermediates\pre-dexed\debug\com.android.support-recyclerview-v7-25.1.0_a5164b19b22b2a9a2bd8b57402b0e0015afd1c5d.jar C:\tmp\T03.04-Solution-WiringUpRecyclerView\app\intermediates\exploded-aar\com.android.support\recyclerview-v7\25.1.0\jars\classes.jar
java_class_path (initial): C:\Users\Jack\AppData\Local\Android\sdk\build-tools\25.0.2\lib\dx.jar
Launcher Type: SUN_STANDARD

Environment Variables:
JAVA_HOME=C:\Program Files\Java\jdk1.8.0_51
PATH=C:\MinGW\bin;C:\MinGW\msys\1.0\bin;C:\ProgramData\Oracle\Java\javapath;C:\Windows\system32;C:\Windows;C:\Windows\System32\Wbem;C:\Windows\System32\WindowsPowerShell\v1.0\;C:\Program Files (x86)\ATI Technologies\ATI.ACE\Core-Static;C:\Python27\;C:\Python27\Scripts\;C:\Program Files\Microsoft SQL Server\130\Tools\Binn\;C:\Program Files (x86)\Windows Kits\10\Windows Performance Toolkit\;C:\WINDOWS\system32;C:\WINDOWS;C:\WINDOWS\System32\Wbem;C:\WINDOWS\System32\WindowsPowerShell\v1.0\;C:\Program Files (x86)\Skype\Phone\;C:\Program Files (x86)\GtkSharp\2.12\bin;C:\Users\Jack\AppData\Local\Android\sdk\platform-tools;C:\Users\Jack\AppData\Local\Android\sdk\tools;C:\Program Files\nodejs\;C:\Ruby24-x64\bin;C:\Program Files\Git\bin;C:\Program Files\Git\cmd;C:\Program Files\MongoDB\Server\3.6\bin;C:\Ruby24-x64\bin;C:\Users\Jack\AppData\Local\Google\Cloud SDK\google-cloud-sdk\bin;C:\Users\Jack\AppData\Roaming\npm;C:\Users\Jack\Anaconda3;C:\Users\Jack\Anaconda3\Scripts;
USERNAME=Jack
OS=Windows_NT
PROCESSOR_IDENTIFIER=Intel64 Family 6 Model 42 Stepping 7, GenuineIntel



---------------  S Y S T E M  ---------------

OS: Windows 10.0 , 64 bit Build 16299 (10.0.16299.15)

CPU:total 4 (2 cores per cpu, 2 threads per core) family 6 model 42 stepping 7, cmov, cx8, fxsr, mmx, sse, sse2, sse3, ssse3, sse4.1, sse4.2, popcnt, avx, aes, clmul, ht, tsc, tscinvbit

Memory: 4k page, physical 8302444k(1245500k free), swap 10257260k(4296k free)

vm_info: Java HotSpot(TM) 64-Bit Server VM (25.51-b03) for windows-amd64 JRE (1.8.0_51-b16), built on Jun  8 2015 18:03:07 by "java_re" with MS VC++ 10.0 (VS2010)

time: Sat Nov 03 12:09:56 2018
elapsed time: 10 seconds (0d 0h 0m 10s)

