#
# There is insufficient memory for the Java Runtime Environment to continue.
# Native memory allocation (malloc) failed to allocate 32744 bytes for ChunkPool::allocate
# Possible reasons:
#   The system is out of physical RAM or swap space
#   In 32 bit mode, the process size limit was hit
# Possible solutions:
#   Reduce memory load on the system
#   Increase physical memory or swap space
#   Check if swap backing store is full
#   Use 64 bit Java on a 64 bit OS
#   Decrease Java heap size (-Xmx/-Xms)
#   Decrease number of Java threads
#   Decrease Java thread stack sizes (-Xss)
#   Set larger code cache with -XX:ReservedCodeCacheSize=
# This output file may be truncated or incomplete.
#
#  Out of Memory Error (allocation.cpp:273), pid=11712, tid=11724
#
# JRE version: Java(TM) SE Runtime Environment (8.0_51-b16) (build 1.8.0_51-b16)
# Java VM: Java HotSpot(TM) 64-Bit Server VM (25.51-b03 mixed mode windows-amd64 compressed oops)
# Failed to write core dump. Minidumps are not enabled by default on client versions of Windows
#

---------------  T H R E A D  ---------------

Current thread (0x0000000018772000):  JavaThread "C2 CompilerThread1" daemon [_thread_in_native, id=11724, stack(0x0000000019ed0000,0x0000000019fd0000)]

Stack: [0x0000000019ed0000,0x0000000019fd0000]
Native frames: (J=compiled Java code, j=interpreted, Vv=VM code, C=native code)
V  [jvm.dll+0x32b4ca]
V  [jvm.dll+0x2797e3]
V  [jvm.dll+0x27a479]
V  [jvm.dll+0x271765]
V  [jvm.dll+0xcb824]
V  [jvm.dll+0xcba47]
V  [jvm.dll+0xcbecc]
V  [jvm.dll+0x50798b]
V  [jvm.dll+0x45f706]
V  [jvm.dll+0x46a7cb]
V  [jvm.dll+0x46cde2]
V  [jvm.dll+0x4501a2]
V  [jvm.dll+0xa43a2]
V  [jvm.dll+0xa4cdf]
V  [jvm.dll+0x2418a4]
V  [jvm.dll+0x29846a]
C  [msvcr100.dll+0x21d9f]
C  [msvcr100.dll+0x21e3b]
C  [KERNEL32.DLL+0x11fe4]
C  [ntdll.dll+0x6efc1]


Current CompileTask:
C2:  35982 4295       4       org.gradle.model.internal.type.ModelType::wrap (219 bytes)


---------------  P R O C E S S  ---------------

Java Threads: ( => current thread )
  0x000000001b89b000 JavaThread "Memory manager" [_thread_blocked, id=11480, stack(0x0000000023680000,0x0000000023780000)]
  0x000000001b896800 JavaThread "build operations Thread 4" [_thread_blocked, id=3304, stack(0x0000000021f00000,0x0000000022000000)]
  0x000000001b89c800 JavaThread "build operations Thread 3" [_thread_blocked, id=9044, stack(0x00000000217b0000,0x00000000218b0000)]
  0x000000001b89a000 JavaThread "build operations Thread 2" [_thread_blocked, id=4976, stack(0x00000000216b0000,0x00000000217b0000)]
  0x000000001b89d000 JavaThread "build operations" [_thread_blocked, id=14664, stack(0x00000000215b0000,0x00000000216b0000)]
  0x000000001b898000 JavaThread "Cache worker for Artifact transforms cache (C:\Users\Jack\.gradle\caches\transforms-1)" [_thread_blocked, id=8548, stack(0x0000000020200000,0x0000000020300000)]
  0x000000001b897000 JavaThread "Cache worker for file hash cache (C:\Users\Jack\AndroidStudioProjects\Udacity Tutorial\ud851-Exercises-student\Lesson05a-Android-Lifecycle\T05a.01-Exercise-LogLifecycle\.gradle\4.4\fileHashes)" [_thread_blocked, id=12244, stack(0x000000001ebd0000,0x000000001ecd0000)]
  0x000000001a9a9800 JavaThread "File lock request listener" [_thread_in_native, id=3956, stack(0x000000001e690000,0x000000001e790000)]
  0x000000001b819800 JavaThread "Cache worker for file hash cache (C:\Users\Jack\.gradle\caches\4.4\fileHashes)" [_thread_blocked, id=9548, stack(0x000000001d5c0000,0x000000001d6c0000)]
  0x000000001aa7a800 JavaThread "Stdin handler" [_thread_blocked, id=4860, stack(0x000000001d2c0000,0x000000001d3c0000)]
  0x000000001a157000 JavaThread "Asynchronous log dispatcher for DefaultDaemonConnection: socket connection from /127.0.0.1:61025 to /127.0.0.1:61026" [_thread_blocked, id=14832, stack(0x000000001d1c0000,0x000000001d2c0000)]
  0x000000001a152000 JavaThread "Daemon worker" [_thread_blocked, id=14904, stack(0x000000001d0c0000,0x000000001d1c0000)]
  0x000000001a15b000 JavaThread "Cancel handler" [_thread_blocked, id=7384, stack(0x000000001cfc0000,0x000000001d0c0000)]
  0x000000001b003000 JavaThread "Handler for socket connection from /127.0.0.1:61025 to /127.0.0.1:61026" [_thread_in_native, id=13636, stack(0x000000001ccc0000,0x000000001cdc0000)]
  0x000000001ab0a800 JavaThread "Daemon" [_thread_blocked, id=15484, stack(0x000000001cbc0000,0x000000001ccc0000)]
  0x000000001a974800 JavaThread "Daemon periodic checks" [_thread_blocked, id=9356, stack(0x000000001cac0000,0x000000001cbc0000)]
  0x000000001a976800 JavaThread "Incoming local TCP Connector on port 61025" [_thread_in_native, id=16500, stack(0x000000001c5e0000,0x000000001c6e0000)]
  0x000000001b505000 JavaThread "Daemon health stats" [_thread_blocked, id=16648, stack(0x000000001bea0000,0x000000001bfa0000)]
  0x00000000187c9800 JavaThread "Service Thread" daemon [_thread_blocked, id=5684, stack(0x000000001a4d0000,0x000000001a5d0000)]
  0x0000000019fd8800 JavaThread "C1 CompilerThread2" daemon [_thread_blocked, id=8636, stack(0x000000001a3d0000,0x000000001a4d0000)]
=>0x0000000018772000 JavaThread "C2 CompilerThread1" daemon [_thread_in_native, id=11724, stack(0x0000000019ed0000,0x0000000019fd0000)]
  0x000000001876f000 JavaThread "C2 CompilerThread0" daemon [_thread_blocked, id=8728, stack(0x0000000019dd0000,0x0000000019ed0000)]
  0x000000001876c800 JavaThread "Attach Listener" daemon [_thread_blocked, id=12932, stack(0x0000000019cd0000,0x0000000019dd0000)]
  0x000000001876b000 JavaThread "Signal Dispatcher" daemon [_thread_blocked, id=17384, stack(0x0000000019bd0000,0x0000000019cd0000)]
  0x0000000004df2000 JavaThread "Finalizer" daemon [_thread_blocked, id=12296, stack(0x00000000199d0000,0x0000000019ad0000)]
  0x0000000004def000 JavaThread "Reference Handler" daemon [_thread_blocked, id=1872, stack(0x00000000198d0000,0x00000000199d0000)]
  0x0000000004d00800 JavaThread "main" [_thread_blocked, id=17016, stack(0x0000000004c00000,0x0000000004d00000)]

Other Threads:
  0x0000000018736800 VMThread [stack: 0x00000000197d0000,0x00000000198d0000] [id=12596]
  0x0000000019fdb800 WatcherThread [stack: 0x000000001a5d0000,0x000000001a6d0000] [id=11220]

VM state:at safepoint (normal execution)

VM Mutex/Monitor currently owned by a thread:  ([mutex/lock_event])
[0x0000000004b6c2d0] Threads_lock - owner thread: 0x0000000018736800
[0x0000000004b6d260] Heap_lock - owner thread: 0x000000001a152000

Heap:
 PSYoungGen      total 216064K, used 6836K [0x00000000e0000000, 0x00000000ee500000, 0x0000000100000000)
  eden space 200704K, 0% used [0x00000000e0000000,0x00000000e0000000,0x00000000ec400000)
  from space 15360K, 44% used [0x00000000ec700000,0x00000000ecdad3c8,0x00000000ed600000)
  to   space 9216K, 0% used [0x00000000edc00000,0x00000000edc00000,0x00000000ee500000)
 ParOldGen       total 106496K, used 25039K [0x00000000a0000000, 0x00000000a6800000, 0x00000000e0000000)
  object space 106496K, 23% used [0x00000000a0000000,0x00000000a1873ea8,0x00000000a6800000)
 Metaspace       used 41008K, capacity 41880K, committed 42032K, reserved 1089536K
  class space    used 5646K, capacity 5918K, committed 5936K, reserved 1048576K

Card table byte_map: [0x00000000141c0000,0x00000000144d0000] byte_map_base: 0x0000000013cc0000

Marking Bits: (ParMarkBitMap*) 0x00000000522f4040
 Begin Bits: [0x0000000014ad0000, 0x00000000162d0000)
 End Bits:   [0x00000000162d0000, 0x0000000017ad0000)

Polling page: 0x0000000003330000

CodeCache: size=245760Kb used=13251Kb max_used=13744Kb free=232509Kb
 bounds [0x0000000004e00000, 0x0000000005b80000, 0x0000000013e00000]
 total_blobs=4683 nmethods=3975 adapters=618
 compilation: enabled

Compilation events (10 events):
Event: 35.734 Thread 0x0000000019fd8800 4430       3       java.lang.invoke.MethodType::parameterArray (11 bytes)
Event: 35.735 Thread 0x0000000019fd8800 nmethod 4430 0x000000000549a950 code [0x000000000549aac0, 0x000000000549adc8]
Event: 35.735 Thread 0x0000000019fd8800 4431       3       java.lang.invoke.MemberName::isPrivate (8 bytes)
Event: 35.735 Thread 0x0000000019fd8800 nmethod 4431 0x0000000004f4a050 code [0x0000000004f4a1c0, 0x0000000004f4a3d0]
Event: 35.747 Thread 0x0000000019fd8800 4433       3       org.gradle.api.internal.AsmBackedClassGenerator$ClassBuilderImpl::addConventionProperty (25 bytes)
Event: 35.748 Thread 0x0000000019fd8800 nmethod 4433 0x00000000053815d0 code [0x0000000005381820, 0x0000000005382708]
Event: 35.749 Thread 0x0000000019fd8800 4434       3       org.gradle.api.internal.AsmBackedClassGenerator$ClassBuilderImpl::applyConventionMappingToGetter (528 bytes)
Event: 35.754 Thread 0x0000000019fd8800 nmethod 4434 0x0000000005871d90 code [0x0000000005872540, 0x0000000005876ef8]
Event: 35.754 Thread 0x0000000019fd8800 4435       3       sun.reflect.generics.repository.ConstructorRepository::<init> (7 bytes)
Event: 35.755 Thread 0x0000000019fd8800 nmethod 4435 0x00000000050c3d90 code [0x00000000050c3f60, 0x00000000050c46b8]

GC Heap History (10 events):
Event: 15.153 GC heap after
Heap after GC invocations=4 (full 0):
 PSYoungGen      total 138240K, used 5107K [0x00000000e0000000, 0x00000000e8c00000, 0x0000000100000000)
  eden space 133120K, 0% used [0x00000000e0000000,0x00000000e0000000,0x00000000e8200000)
  from space 5120K, 99% used [0x00000000e8700000,0x00000000e8bfcdc0,0x00000000e8c00000)
  to   space 5120K, 0% used [0x00000000e8200000,0x00000000e8200000,0x00000000e8700000)
 ParOldGen       total 87552K, used 9425K [0x00000000a0000000, 0x00000000a5580000, 0x00000000e0000000)
  object space 87552K, 10% used [0x00000000a0000000,0x00000000a09347d8,0x00000000a5580000)
 Metaspace       used 20770K, capacity 21186K, committed 21296K, reserved 1067008K
  class space    used 2940K, capacity 3097K, committed 3120K, reserved 1048576K
}
Event: 15.153 GC heap before
{Heap before GC invocations=5 (full 1):
 PSYoungGen      total 138240K, used 5107K [0x00000000e0000000, 0x00000000e8c00000, 0x0000000100000000)
  eden space 133120K, 0% used [0x00000000e0000000,0x00000000e0000000,0x00000000e8200000)
  from space 5120K, 99% used [0x00000000e8700000,0x00000000e8bfcdc0,0x00000000e8c00000)
  to   space 5120K, 0% used [0x00000000e8200000,0x00000000e8200000,0x00000000e8700000)
 ParOldGen       total 87552K, used 9425K [0x00000000a0000000, 0x00000000a5580000, 0x00000000e0000000)
  object space 87552K, 10% used [0x00000000a0000000,0x00000000a09347d8,0x00000000a5580000)
 Metaspace       used 20770K, capacity 21186K, committed 21296K, reserved 1067008K
  class space    used 2940K, capacity 3097K, committed 3120K, reserved 1048576K
Event: 15.264 GC heap after
Heap after GC invocations=5 (full 1):
 PSYoungGen      total 138240K, used 0K [0x00000000e0000000, 0x00000000e8c00000, 0x0000000100000000)
  eden space 133120K, 0% used [0x00000000e0000000,0x00000000e0000000,0x00000000e8200000)
  from space 5120K, 0% used [0x00000000e8700000,0x00000000e8700000,0x00000000e8c00000)
  to   space 5120K, 0% used [0x00000000e8200000,0x00000000e8200000,0x00000000e8700000)
 ParOldGen       total 61440K, used 8760K [0x00000000a0000000, 0x00000000a3c00000, 0x00000000e0000000)
  object space 61440K, 14% used [0x00000000a0000000,0x00000000a088e130,0x00000000a3c00000)
 Metaspace       used 20770K, capacity 21186K, committed 21296K, reserved 1067008K
  class space    used 2940K, capacity 3097K, committed 3120K, reserved 1048576K
}
Event: 22.279 GC heap before
{Heap before GC invocations=6 (full 1):
 PSYoungGen      total 138240K, used 133120K [0x00000000e0000000, 0x00000000e8c00000, 0x0000000100000000)
  eden space 133120K, 100% used [0x00000000e0000000,0x00000000e8200000,0x00000000e8200000)
  from space 5120K, 0% used [0x00000000e8700000,0x00000000e8700000,0x00000000e8c00000)
  to   space 5120K, 0% used [0x00000000e8200000,0x00000000e8200000,0x00000000e8700000)
 ParOldGen       total 61440K, used 8760K [0x00000000a0000000, 0x00000000a3c00000, 0x00000000e0000000)
  object space 61440K, 14% used [0x00000000a0000000,0x00000000a088e130,0x00000000a3c00000)
 Metaspace       used 32585K, capacity 33292K, committed 33456K, reserved 1077248K
  class space    used 4552K, capacity 4776K, committed 4784K, reserved 1048576K
Event: 22.315 GC heap after
Heap after GC invocations=6 (full 1):
 PSYoungGen      total 138240K, used 5120K [0x00000000e0000000, 0x00000000eec00000, 0x0000000100000000)
  eden space 133120K, 0% used [0x00000000e0000000,0x00000000e0000000,0x00000000e8200000)
  from space 5120K, 100% used [0x00000000e8200000,0x00000000e8700000,0x00000000e8700000)
  to   space 16384K, 0% used [0x00000000edc00000,0x00000000edc00000,0x00000000eec00000)
 ParOldGen       total 61440K, used 19156K [0x00000000a0000000, 0x00000000a3c00000, 0x00000000e0000000)
  object space 61440K, 31% used [0x00000000a0000000,0x00000000a12b5018,0x00000000a3c00000)
 Metaspace       used 32585K, capacity 33292K, committed 33456K, reserved 1077248K
  class space    used 4552K, capacity 4776K, committed 4784K, reserved 1048576K
}
Event: 32.905 GC heap before
{Heap before GC invocations=7 (full 1):
 PSYoungGen      total 138240K, used 45093K [0x00000000e0000000, 0x00000000eec00000, 0x0000000100000000)
  eden space 133120K, 30% used [0x00000000e0000000,0x00000000e2709738,0x00000000e8200000)
  from space 5120K, 100% used [0x00000000e8200000,0x00000000e8700000,0x00000000e8700000)
  to   space 16384K, 0% used [0x00000000edc00000,0x00000000edc00000,0x00000000eec00000)
 ParOldGen       total 61440K, used 19156K [0x00000000a0000000, 0x00000000a3c00000, 0x00000000e0000000)
  object space 61440K, 31% used [0x00000000a0000000,0x00000000a12b5018,0x00000000a3c00000)
 Metaspace       used 34598K, capacity 35382K, committed 35496K, reserved 1079296K
  class space    used 4841K, capacity 5092K, committed 5168K, reserved 1048576K
Event: 32.919 GC heap after
Heap after GC invocations=7 (full 1):
 PSYoungGen      total 209920K, used 9075K [0x00000000e0000000, 0x00000000ee500000, 0x0000000100000000)
  eden space 200704K, 0% used [0x00000000e0000000,0x00000000e0000000,0x00000000ec400000)
  from space 9216K, 98% used [0x00000000edc00000,0x00000000ee4dcd88,0x00000000ee500000)
  to   space 15360K, 0% used [0x00000000ec700000,0x00000000ec700000,0x00000000ed600000)
 ParOldGen       total 61440K, used 19164K [0x00000000a0000000, 0x00000000a3c00000, 0x00000000e0000000)
  object space 61440K, 31% used [0x00000000a0000000,0x00000000a12b7018,0x00000000a3c00000)
 Metaspace       used 34598K, capacity 35382K, committed 35496K, reserved 1079296K
  class space    used 4841K, capacity 5092K, committed 5168K, reserved 1048576K
}
Event: 32.919 GC heap before
{Heap before GC invocations=8 (full 2):
 PSYoungGen      total 209920K, used 9075K [0x00000000e0000000, 0x00000000ee500000, 0x0000000100000000)
  eden space 200704K, 0% used [0x00000000e0000000,0x00000000e0000000,0x00000000ec400000)
  from space 9216K, 98% used [0x00000000edc00000,0x00000000ee4dcd88,0x00000000ee500000)
  to   space 15360K, 0% used [0x00000000ec700000,0x00000000ec700000,0x00000000ed600000)
 ParOldGen       total 61440K, used 19164K [0x00000000a0000000, 0x00000000a3c00000, 0x00000000e0000000)
  object space 61440K, 31% used [0x00000000a0000000,0x00000000a12b7018,0x00000000a3c00000)
 Metaspace       used 34598K, capacity 35382K, committed 35496K, reserved 1079296K
  class space    used 4841K, capacity 5092K, committed 5168K, reserved 1048576K
Event: 33.065 GC heap after
Heap after GC invocations=8 (full 2):
 PSYoungGen      total 209920K, used 0K [0x00000000e0000000, 0x00000000ee500000, 0x0000000100000000)
  eden space 200704K, 0% used [0x00000000e0000000,0x00000000e0000000,0x00000000ec400000)
  from space 9216K, 0% used [0x00000000edc00000,0x00000000edc00000,0x00000000ee500000)
  to   space 15360K, 0% used [0x00000000ec700000,0x00000000ec700000,0x00000000ed600000)
 ParOldGen       total 106496K, used 25031K [0x00000000a0000000, 0x00000000a6800000, 0x00000000e0000000)
  object space 106496K, 23% used [0x00000000a0000000,0x00000000a1871ea8,0x00000000a6800000)
 Metaspace       used 34545K, capacity 35250K, committed 35496K, reserved 1079296K
  class space    used 4827K, capacity 5048K, committed 5168K, reserved 1048576K
}
Event: 35.765 GC heap before
{Heap before GC invocations=9 (full 2):
 PSYoungGen      total 209920K, used 71676K [0x00000000e0000000, 0x00000000ee500000, 0x0000000100000000)
  eden space 200704K, 35% used [0x00000000e0000000,0x00000000e45ff068,0x00000000ec400000)
  from space 9216K, 0% used [0x00000000edc00000,0x00000000edc00000,0x00000000ee500000)
  to   space 15360K, 0% used [0x00000000ec700000,0x00000000ec700000,0x00000000ed600000)
 ParOldGen       total 106496K, used 25031K [0x00000000a0000000, 0x00000000a6800000, 0x00000000e0000000)
  object space 106496K, 23% used [0x00000000a0000000,0x00000000a1871ea8,0x00000000a6800000)
 Metaspace       used 41008K, capacity 41880K, committed 42032K, reserved 1089536K
  class space    used 5646K, capacity 5918K, committed 5936K, reserved 1048576K

Deoptimization events (10 events):
Event: 34.774 Thread 0x000000001a152000 Uncommon trap: reason=unstable_if action=reinterpret pc=0x00000000054ffb88 method=java.util.concurrent.ConcurrentHashMap.get(Ljava/lang/Object;)Ljava/lang/Object; @ 152
Event: 35.114 Thread 0x000000001a152000 Uncommon trap: reason=unstable_if action=reinterpret pc=0x000000000596ae78 method=java.util.HashMap.putVal(ILjava/lang/Object;Ljava/lang/Object;ZZ)Ljava/lang/Object; @ 162
Event: 35.114 Thread 0x000000001a152000 Uncommon trap: reason=unstable_if action=reinterpret pc=0x00000000059547a0 method=java.util.HashMap.putVal(ILjava/lang/Object;Ljava/lang/Object;ZZ)Ljava/lang/Object; @ 162
Event: 35.114 Thread 0x000000001a152000 Uncommon trap: reason=unstable_if action=reinterpret pc=0x00000000050d1810 method=java.util.HashMap.resize()[Ljava/util/HashMap$Node; @ 206
Event: 35.319 Thread 0x000000001a152000 Uncommon trap: reason=unstable_if action=reinterpret pc=0x0000000005b18d78 method=java.lang.reflect.Modifier.toString(I)Ljava/lang/String; @ 123
Event: 35.320 Thread 0x000000001a152000 Uncommon trap: reason=unstable_if action=reinterpret pc=0x0000000005b05788 method=java.lang.reflect.Modifier.toString(I)Ljava/lang/String; @ 123
Event: 35.531 Thread 0x000000001a152000 Uncommon trap: reason=speculate_class_check action=maybe_recompile pc=0x0000000005389324 method=com.google.common.base.Equivalence.hash(Ljava/lang/Object;)I @ 8
Event: 35.531 Thread 0x000000001a152000 Uncommon trap: reason=speculate_class_check action=maybe_recompile pc=0x0000000005389324 method=com.google.common.base.Equivalence.hash(Ljava/lang/Object;)I @ 8
Event: 35.531 Thread 0x000000001a152000 Uncommon trap: reason=speculate_class_check action=maybe_recompile pc=0x0000000005389324 method=com.google.common.base.Equivalence.hash(Ljava/lang/Object;)I @ 8
Event: 35.531 Thread 0x000000001a152000 Uncommon trap: reason=speculate_class_check action=maybe_recompile pc=0x0000000005389324 method=com.google.common.base.Equivalence.hash(Ljava/lang/Object;)I @ 8

Internal exceptions (10 events):
Event: 32.512 Thread 0x000000001a152000 Exception <a 'java/lang/ClassNotFoundException': org/gradle/api/internal/AbstractTaskBeanInfo> (0x00000000e2003918) thrown at [C:\re\workspace\8-2-build-windows-amd64-cygwin\jdk8u51\3951\hotspot\src\share\vm\classfile\systemDictionary.cpp, line 210]
Event: 32.512 Thread 0x000000001a152000 Exception <a 'java/lang/ClassNotFoundException': org/gradle/api/internal/AbstractTaskCustomizer> (0x00000000e202bdc0) thrown at [C:\re\workspace\8-2-build-windows-amd64-cygwin\jdk8u51\3951\hotspot\src\share\vm\classfile\systemDictionary.cpp, line 210]
Event: 32.516 Thread 0x000000001a152000 Exception <a 'java/lang/ClassNotFoundException': org/gradle/api/DefaultTaskCustomizer> (0x00000000e20b1488) thrown at [C:\re\workspace\8-2-build-windows-amd64-cygwin\jdk8u51\3951\hotspot\src\share\vm\classfile\systemDictionary.cpp, line 210]
Event: 32.517 Thread 0x000000001a152000 Exception <a 'java/lang/ClassNotFoundException': org/gradle/api/internal/ConventionTaskCustomizer> (0x00000000e20e9378) thrown at [C:\re\workspace\8-2-build-windows-amd64-cygwin\jdk8u51\3951\hotspot\src\share\vm\classfile\systemDictionary.cpp, line 210]
Event: 32.519 Thread 0x000000001a152000 Exception <a 'java/lang/ClassNotFoundException': org/gradle/api/tasks/DeleteCustomizer> (0x00000000e211f238) thrown at [C:\re\workspace\8-2-build-windows-amd64-cygwin\jdk8u51\3951\hotspot\src\share\vm\classfile\systemDictionary.cpp, line 210]
Event: 32.520 Thread 0x000000001a152000 Exception <a 'java/lang/ClassNotFoundException': org/gradle/api/tasks/Delete_DecoratedCustomizer> (0x00000000e2162af8) thrown at [C:\re\workspace\8-2-build-windows-amd64-cygwin\jdk8u51\3951\hotspot\src\share\vm\classfile\systemDictionary.cpp, line 210]
Event: 32.674 Thread 0x000000001a152000 Exception <a 'java/lang/ClassNotFoundException': build_2qaixqjgj3u1nlm1gwb9k9uy7BeanInfo> (0x00000000e22313f8) thrown at [C:\re\workspace\8-2-build-windows-amd64-cygwin\jdk8u51\3951\hotspot\src\share\vm\classfile\systemDictionary.cpp, line 210]
Event: 32.674 Thread 0x000000001a152000 Exception <a 'java/lang/ClassNotFoundException': build_2qaixqjgj3u1nlm1gwb9k9uy7Customizer> (0x00000000e223b018) thrown at [C:\re\workspace\8-2-build-windows-amd64-cygwin\jdk8u51\3951\hotspot\src\share\vm\classfile\systemDictionary.cpp, line 210]
Event: 33.612 Thread 0x000000001a152000 Implicit null exception at 0x0000000005a0af78 to 0x0000000005a0bd61
Event: 33.612 Thread 0x000000001a152000 Implicit null exception at 0x00000000052d3215 to 0x00000000052d34fd

Events (10 events):
Event: 35.759 loading class com/android/build/gradle/internal/dsl/ProductFlavorFactory done
Event: 35.760 loading class com/android/build/gradle/internal/dsl/SigningConfig
Event: 35.760 loading class com/android/build/gradle/internal/dsl/SigningConfig done
Event: 35.761 loading class com/android/build/gradle/internal/dsl/CoreSigningConfig
Event: 35.761 loading class com/android/build/gradle/internal/dsl/CoreSigningConfig done
Event: 35.762 loading class com/android/builder/signing/DefaultSigningConfig
Event: 35.762 loading class com/android/builder/signing/DefaultSigningConfig done
Event: 35.765 loading class com/android/build/gradle/internal/dsl/SigningConfigFactory
Event: 35.765 loading class com/android/build/gradle/internal/dsl/SigningConfigFactory done
Event: 35.765 Executing VM operation: CollectForMetadataAllocation


Dynamic libraries:
0x00007ff71e710000 - 0x00007ff71e747000 	C:\Program Files\Java\jdk1.8.0_51\bin\java.exe
0x00007fff99cd0000 - 0x00007fff99eb0000 	C:\WINDOWS\SYSTEM32\ntdll.dll
0x00007fff98ea0000 - 0x00007fff98f4e000 	C:\WINDOWS\System32\KERNEL32.DLL
0x00007fff96390000 - 0x00007fff965f6000 	C:\WINDOWS\System32\KERNELBASE.dll
0x00007fff99080000 - 0x00007fff99121000 	C:\WINDOWS\System32\ADVAPI32.dll
0x00007fff98d20000 - 0x00007fff98dbd000 	C:\WINDOWS\System32\msvcrt.dll
0x00007fff99c40000 - 0x00007fff99c9b000 	C:\WINDOWS\System32\sechost.dll
0x00007fff988f0000 - 0x00007fff98a0f000 	C:\WINDOWS\System32\RPCRT4.dll
0x00007fff99ab0000 - 0x00007fff99c3f000 	C:\WINDOWS\System32\USER32.dll
0x00007fff96730000 - 0x00007fff96750000 	C:\WINDOWS\System32\win32u.dll
0x00007fff98a10000 - 0x00007fff98a38000 	C:\WINDOWS\System32\GDI32.dll
0x00007fff97000000 - 0x00007fff97193000 	C:\WINDOWS\System32\gdi32full.dll
0x00007fff962a0000 - 0x00007fff9633b000 	C:\WINDOWS\System32\msvcp_win.dll
0x00007fff96750000 - 0x00007fff96846000 	C:\WINDOWS\System32\ucrtbase.dll
0x00007fff89740000 - 0x00007fff899a9000 	C:\WINDOWS\WinSxS\amd64_microsoft.windows.common-controls_6595b64144ccf1df_6.0.16299.248_none_15ced204935f55d7\COMCTL32.dll
0x00007fff992e0000 - 0x00007fff995e8000 	C:\WINDOWS\System32\combase.dll
0x00007fff966b0000 - 0x00007fff96722000 	C:\WINDOWS\System32\bcryptPrimitives.dll
0x00007fff98dc0000 - 0x00007fff98ded000 	C:\WINDOWS\System32\IMM32.DLL
0x0000000052380000 - 0x0000000052452000 	C:\Program Files\Java\jdk1.8.0_51\jre\bin\msvcr100.dll
0x0000000051af0000 - 0x0000000052373000 	C:\Program Files\Java\jdk1.8.0_51\jre\bin\server\jvm.dll
0x00007fff99aa0000 - 0x00007fff99aa8000 	C:\WINDOWS\System32\PSAPI.DLL
0x00007fff90920000 - 0x00007fff90929000 	C:\WINDOWS\SYSTEM32\WSOCK32.dll
0x00007fff98a40000 - 0x00007fff98aac000 	C:\WINDOWS\System32\WS2_32.dll
0x00007fff93fe0000 - 0x00007fff94003000 	C:\WINDOWS\SYSTEM32\WINMM.dll
0x00007fff8a8a0000 - 0x00007fff8a8aa000 	C:\WINDOWS\SYSTEM32\VERSION.dll
0x00007fff93fb0000 - 0x00007fff93fda000 	C:\WINDOWS\SYSTEM32\winmmbase.dll
0x00007fff96340000 - 0x00007fff9638a000 	C:\WINDOWS\System32\cfgmgr32.dll
0x0000000051ae0000 - 0x0000000051aef000 	C:\Program Files\Java\jdk1.8.0_51\jre\bin\verify.dll
0x0000000051ab0000 - 0x0000000051ad9000 	C:\Program Files\Java\jdk1.8.0_51\jre\bin\java.dll
0x0000000051a90000 - 0x0000000051aa6000 	C:\Program Files\Java\jdk1.8.0_51\jre\bin\zip.dll
0x00007fff974b0000 - 0x00007fff988e6000 	C:\WINDOWS\System32\SHELL32.dll
0x00007fff98df0000 - 0x00007fff98e96000 	C:\WINDOWS\System32\shcore.dll
0x00007fff968b0000 - 0x00007fff96ff7000 	C:\WINDOWS\System32\windows.storage.dll
0x00007fff99280000 - 0x00007fff992d1000 	C:\WINDOWS\System32\shlwapi.dll
0x00007fff96060000 - 0x00007fff96071000 	C:\WINDOWS\System32\kernel.appcore.dll
0x00007fff96080000 - 0x00007fff960cc000 	C:\WINDOWS\System32\powrprof.dll
0x00007fff96040000 - 0x00007fff9605b000 	C:\WINDOWS\System32\profapi.dll
0x0000000051a70000 - 0x0000000051a8a000 	C:\Program Files\Java\jdk1.8.0_51\jre\bin\net.dll
0x00007fff958b0000 - 0x00007fff95916000 	C:\WINDOWS\system32\mswsock.dll
0x0000000051a50000 - 0x0000000051a61000 	C:\Program Files\Java\jdk1.8.0_51\jre\bin\nio.dll
0x00007fff853b0000 - 0x00007fff853ce000 	C:\Users\Jack\.gradle\native\25\windows-amd64\native-platform.dll
0x0000000051a40000 - 0x0000000051a4d000 	C:\Program Files\Java\jdk1.8.0_51\jre\bin\management.dll
0x00007fff95a80000 - 0x00007fff95a97000 	C:\WINDOWS\SYSTEM32\CRYPTSP.dll
0x00007fff954c0000 - 0x00007fff954f3000 	C:\WINDOWS\system32\rsaenh.dll
0x00007fff95b80000 - 0x00007fff95ba5000 	C:\WINDOWS\SYSTEM32\bcrypt.dll
0x00007fff95f20000 - 0x00007fff95f49000 	C:\WINDOWS\SYSTEM32\USERENV.dll
0x00007fff95a70000 - 0x00007fff95a7b000 	C:\WINDOWS\SYSTEM32\CRYPTBASE.dll
0x00007fff95640000 - 0x00007fff95679000 	C:\WINDOWS\SYSTEM32\IPHLPAPI.DLL
0x00007fff98bd0000 - 0x00007fff98bd8000 	C:\WINDOWS\System32\NSI.dll
0x00007fff90090000 - 0x00007fff900a6000 	C:\WINDOWS\SYSTEM32\dhcpcsvc6.DLL
0x00007fff90070000 - 0x00007fff9008a000 	C:\WINDOWS\SYSTEM32\dhcpcsvc.DLL
0x00007fff89dd0000 - 0x00007fff89f98000 	C:\WINDOWS\SYSTEM32\dbghelp.dll

VM Arguments:
jvm_args: -Xmx1536m -Dfile.encoding=windows-1252 -Duser.country=US -Duser.language=en -Duser.variant 
java_command: org.gradle.launcher.daemon.bootstrap.GradleDaemon 4.4
java_class_path (initial): C:\Users\Jack\.gradle\wrapper\dists\gradle-4.4-all\9br9xq1tocpiv8o6njlyu5op1\gradle-4.4\lib\gradle-launcher-4.4.jar
Launcher Type: SUN_STANDARD

Environment Variables:
JAVA_HOME=C:\Program Files\Java\jdk1.8.0_51
PATH=C:\MinGW\bin;C:\MinGW\msys\1.0\bin;C:\ProgramData\Oracle\Java\javapath;C:\Windows\system32;C:\Windows;C:\Windows\System32\Wbem;C:\Windows\System32\WindowsPowerShell\v1.0\;C:\Program Files (x86)\ATI Technologies\ATI.ACE\Core-Static;C:\Python27\;C:\Python27\Scripts\;C:\Program Files\Microsoft SQL Server\130\Tools\Binn\;C:\Program Files (x86)\Windows Kits\10\Windows Performance Toolkit\;C:\WINDOWS\system32;C:\WINDOWS;C:\WINDOWS\System32\Wbem;C:\WINDOWS\System32\WindowsPowerShell\v1.0\;C:\Program Files (x86)\GtkSharp\2.12\bin;C:\Users\Jack\AppData\Local\Android\sdk\platform-tools;C:\Users\Jack\AppData\Local\Android\sdk\tools;C:\Program Files\nodejs\;C:\Ruby24-x64\bin;C:\Program Files\Git\bin;C:\Program Files\Git\cmd;C:\Program Files\MongoDB\Server\3.6\bin;C:\Ruby24-x64\bin;C:\Users\Jack\AppData\Local\Google\Cloud SDK\google-cloud-sdk\bin;C:\Users\Jack\AppData\Roaming\npm;C:\Users\Jack\Anaconda3;C:\Users\Jack\Anaconda3\Scripts;
USERNAME=Jack
OS=Windows_NT
PROCESSOR_IDENTIFIER=Intel64 Family 6 Model 42 Stepping 7, GenuineIntel



---------------  S Y S T E M  ---------------

OS: Windows 10.0 , 64 bit Build 16299 (10.0.16299.15)

CPU:total 4 (2 cores per cpu, 2 threads per core) family 6 model 42 stepping 7, cmov, cx8, fxsr, mmx, sse, sse2, sse3, ssse3, sse4.1, sse4.2, popcnt, avx, aes, clmul, ht, tsc, tscinvbit

Memory: 4k page, physical 8302444k(1115584k free), swap 10257260k(608k free)

vm_info: Java HotSpot(TM) 64-Bit Server VM (25.51-b03) for windows-amd64 JRE (1.8.0_51-b16), built on Jun  8 2015 18:03:07 by "java_re" with MS VC++ 10.0 (VS2010)

time: Tue Nov 13 08:08:48 2018
elapsed time: 35 seconds (0d 0h 0m 35s)

