#
# There is insufficient memory for the Java Runtime Environment to continue.
# Native memory allocation (malloc) failed to allocate 347056 bytes for Chunk::new
# Possible reasons:
#   The system is out of physical RAM or swap space
#   In 32 bit mode, the process size limit was hit
# Possible solutions:
#   Reduce memory load on the system
#   Increase physical memory or swap space
#   Check if swap backing store is full
#   Use 64 bit Java on a 64 bit OS
#   Decrease Java heap size (-Xmx/-Xms)
#   Decrease number of Java threads
#   Decrease Java thread stack sizes (-Xss)
#   Set larger code cache with -XX:ReservedCodeCacheSize=
# This output file may be truncated or incomplete.
#
#  Out of Memory Error (allocation.cpp:390), pid=17144, tid=17136
#
# JRE version: Java(TM) SE Runtime Environment (8.0_51-b16) (build 1.8.0_51-b16)
# Java VM: Java HotSpot(TM) 64-Bit Server VM (25.51-b03 mixed mode windows-amd64 compressed oops)
# Failed to write core dump. Minidumps are not enabled by default on client versions of Windows
#

---------------  T H R E A D  ---------------

Current thread (0x0000000018c91000):  JavaThread "C2 CompilerThread1" daemon [_thread_in_native, id=17136, stack(0x000000001a3f0000,0x000000001a4f0000)]

Stack: [0x000000001a3f0000,0x000000001a4f0000]
Native frames: (J=compiled Java code, j=interpreted, Vv=VM code, C=native code)
V  [jvm.dll+0x32b4ca]


Current CompileTask:
C2:   3840 1425   !   4       java.net.URLClassLoader$1::run (63 bytes)


---------------  P R O C E S S  ---------------

Java Threads: ( => current thread )
  0x000000001ed61000 JavaThread "Cache worker for file hash cache (C:\Users\Jack\AndroidStudioProjects\Udacity Tutorial\ud851-Exercises-student\Lesson05a-Android-Lifecycle\T05a.02-Exercise-PersistData\.gradle\4.4\fileHashes)" [_thread_blocked, id=2256, stack(0x000000001fb80000,0x000000001fc80000)]
  0x000000001c1d8800 JavaThread "File lock request listener" [_thread_in_native, id=15112, stack(0x000000001eab0000,0x000000001ebb0000)]
  0x000000001c0fb000 JavaThread "Cache worker for file hash cache (C:\Users\Jack\.gradle\caches\4.4\fileHashes)" [_thread_blocked, id=16756, stack(0x000000001e9b0000,0x000000001eab0000)]
  0x000000001bae6000 JavaThread "Stdin handler" [_thread_blocked, id=14956, stack(0x000000001d6e0000,0x000000001d7e0000)]
  0x000000001bae3000 JavaThread "Asynchronous log dispatcher for DefaultDaemonConnection: socket connection from /127.0.0.1:61192 to /127.0.0.1:61193" [_thread_blocked, id=1968, stack(0x000000001d5e0000,0x000000001d6e0000)]
  0x000000001bac9000 JavaThread "Daemon worker" [_thread_in_vm, id=14104, stack(0x000000001d4e0000,0x000000001d5e0000)]
  0x000000001baee000 JavaThread "Cancel handler" [_thread_blocked, id=1724, stack(0x000000001d3e0000,0x000000001d4e0000)]
  0x000000001ba9a800 JavaThread "Handler for socket connection from /127.0.0.1:61192 to /127.0.0.1:61193" [_thread_in_native, id=13456, stack(0x000000001d0e0000,0x000000001d1e0000)]
  0x000000001bd66800 JavaThread "Daemon" [_thread_blocked, id=16852, stack(0x000000001cfe0000,0x000000001d0e0000)]
  0x000000001bd48800 JavaThread "Daemon periodic checks" [_thread_blocked, id=9892, stack(0x000000001cee0000,0x000000001cfe0000)]
  0x000000001be47000 JavaThread "Incoming local TCP Connector on port 61192" [_thread_in_native, id=5132, stack(0x000000001ca00000,0x000000001cb00000)]
  0x000000001bd97000 JavaThread "Daemon health stats" [_thread_blocked, id=12836, stack(0x000000001c3c0000,0x000000001c4c0000)]
  0x000000001a620800 JavaThread "Service Thread" daemon [_thread_blocked, id=5512, stack(0x000000001a9f0000,0x000000001aaf0000)]
  0x0000000018c97000 JavaThread "C1 CompilerThread2" daemon [_thread_blocked, id=14488, stack(0x000000001a4f0000,0x000000001a5f0000)]
=>0x0000000018c91000 JavaThread "C2 CompilerThread1" daemon [_thread_in_native, id=17136, stack(0x000000001a3f0000,0x000000001a4f0000)]
  0x0000000018c8f000 JavaThread "C2 CompilerThread0" daemon [_thread_in_native, id=6388, stack(0x000000001a2f0000,0x000000001a3f0000)]
  0x0000000018c8d000 JavaThread "Attach Listener" daemon [_thread_blocked, id=13360, stack(0x000000001a1f0000,0x000000001a2f0000)]
  0x0000000018c8c000 JavaThread "Signal Dispatcher" daemon [_thread_blocked, id=3756, stack(0x000000001a0f0000,0x000000001a1f0000)]
  0x0000000005319000 JavaThread "Finalizer" daemon [_thread_blocked, id=16516, stack(0x0000000019ef0000,0x0000000019ff0000)]
  0x0000000005310800 JavaThread "Reference Handler" daemon [_thread_blocked, id=14228, stack(0x0000000019df0000,0x0000000019ef0000)]
  0x0000000005220800 JavaThread "main" [_thread_blocked, id=12308, stack(0x0000000005070000,0x0000000005170000)]

Other Threads:
  0x0000000018c57000 VMThread [stack: 0x0000000019cf0000,0x0000000019df0000] [id=11536]
  0x0000000018cea800 WatcherThread [stack: 0x000000001aaf0000,0x000000001abf0000] [id=13036]

VM state:not at safepoint (normal execution)

VM Mutex/Monitor currently owned by a thread: None

Heap:
 PSYoungGen      total 38400K, used 33847K [0x00000000e0000000, 0x00000000e4b00000, 0x0000000100000000)
  eden space 33280K, 86% used [0x00000000e0000000,0x00000000e1c0e930,0x00000000e2080000)
  from space 5120K, 99% used [0x00000000e2080000,0x00000000e257f508,0x00000000e2580000)
  to   space 5120K, 0% used [0x00000000e4600000,0x00000000e4600000,0x00000000e4b00000)
 ParOldGen       total 87552K, used 2269K [0x00000000a0000000, 0x00000000a5580000, 0x00000000e0000000)
  object space 87552K, 2% used [0x00000000a0000000,0x00000000a0237450,0x00000000a5580000)
 Metaspace       used 17251K, capacity 17706K, committed 17920K, reserved 1064960K
  class space    used 2535K, capacity 2709K, committed 2816K, reserved 1048576K

Card table byte_map: [0x00000000146e0000,0x00000000149f0000] byte_map_base: 0x00000000141e0000

Marking Bits: (ParMarkBitMap*) 0x00000000522f4040
 Begin Bits: [0x0000000014ff0000, 0x00000000167f0000)
 End Bits:   [0x00000000167f0000, 0x0000000017ff0000)

Polling page: 0x0000000003850000

CodeCache: size=245760Kb used=5448Kb max_used=5448Kb free=240311Kb
 bounds [0x0000000005320000, 0x0000000005880000, 0x0000000014320000]
 total_blobs=2017 nmethods=1641 adapters=288
 compilation: enabled

Compilation events (10 events):
Event: 3.822 Thread 0x0000000018c97000 1644       3       java.util.jar.Manifest$FastInputStream::fill (38 bytes)
Event: 3.823 Thread 0x0000000018c97000 nmethod 1644 0x0000000005870050 code [0x00000000058701c0, 0x0000000005870448]
Event: 3.833 Thread 0x0000000018c97000 1645       3       sun.misc.PerfCounter::getParentDelegationTime (4 bytes)
Event: 3.833 Thread 0x0000000018c97000 nmethod 1645 0x0000000005870510 code [0x0000000005870660, 0x0000000005870790]
Event: 3.833 Thread 0x0000000018c97000 1646       3       sun.misc.PerfCounter::addTime (6 bytes)
Event: 3.834 Thread 0x0000000018c97000 nmethod 1646 0x0000000005870810 code [0x00000000058709a0, 0x0000000005871098]
Event: 3.834 Thread 0x0000000018c97000 1647       3       sun.misc.PerfCounter::getFindClassTime (4 bytes)
Event: 3.834 Thread 0x0000000018c97000 nmethod 1647 0x0000000005871410 code [0x0000000005871560, 0x0000000005871690]
Event: 3.834 Thread 0x0000000018c97000 1648       3       sun.misc.PerfCounter::getFindClasses (4 bytes)
Event: 3.834 Thread 0x0000000018c97000 nmethod 1648 0x0000000005871710 code [0x0000000005871860, 0x0000000005871990]

GC Heap History (6 events):
Event: 1.041 GC heap before
{Heap before GC invocations=1 (full 0):
 PSYoungGen      total 38400K, used 33280K [0x00000000e0000000, 0x00000000e2a80000, 0x0000000100000000)
  eden space 33280K, 100% used [0x00000000e0000000,0x00000000e2080000,0x00000000e2080000)
  from space 5120K, 0% used [0x00000000e2580000,0x00000000e2580000,0x00000000e2a80000)
  to   space 5120K, 0% used [0x00000000e2080000,0x00000000e2080000,0x00000000e2580000)
 ParOldGen       total 87552K, used 0K [0x00000000a0000000, 0x00000000a5580000, 0x00000000e0000000)
  object space 87552K, 0% used [0x00000000a0000000,0x00000000a0000000,0x00000000a5580000)
 Metaspace       used 6604K, capacity 6766K, committed 7040K, reserved 1056768K
  class space    used 819K, capacity 875K, committed 896K, reserved 1048576K
Event: 1.048 GC heap after
Heap after GC invocations=1 (full 0):
 PSYoungGen      total 38400K, used 4216K [0x00000000e0000000, 0x00000000e2a80000, 0x0000000100000000)
  eden space 33280K, 0% used [0x00000000e0000000,0x00000000e0000000,0x00000000e2080000)
  from space 5120K, 82% used [0x00000000e2080000,0x00000000e249e318,0x00000000e2580000)
  to   space 5120K, 0% used [0x00000000e2580000,0x00000000e2580000,0x00000000e2a80000)
 ParOldGen       total 87552K, used 8K [0x00000000a0000000, 0x00000000a5580000, 0x00000000e0000000)
  object space 87552K, 0% used [0x00000000a0000000,0x00000000a0002000,0x00000000a5580000)
 Metaspace       used 6604K, capacity 6766K, committed 7040K, reserved 1056768K
  class space    used 819K, capacity 875K, committed 896K, reserved 1048576K
}
Event: 2.504 GC heap before
{Heap before GC invocations=2 (full 0):
 PSYoungGen      total 38400K, used 37496K [0x00000000e0000000, 0x00000000e2a80000, 0x0000000100000000)
  eden space 33280K, 100% used [0x00000000e0000000,0x00000000e2080000,0x00000000e2080000)
  from space 5120K, 82% used [0x00000000e2080000,0x00000000e249e318,0x00000000e2580000)
  to   space 5120K, 0% used [0x00000000e2580000,0x00000000e2580000,0x00000000e2a80000)
 ParOldGen       total 87552K, used 8K [0x00000000a0000000, 0x00000000a5580000, 0x00000000e0000000)
  object space 87552K, 0% used [0x00000000a0000000,0x00000000a0002000,0x00000000a5580000)
 Metaspace       used 11235K, capacity 11516K, committed 11648K, reserved 1058816K
  class space    used 1522K, capacity 1624K, committed 1664K, reserved 1048576K
Event: 2.512 GC heap after
Heap after GC invocations=2 (full 0):
 PSYoungGen      total 38400K, used 5099K [0x00000000e0000000, 0x00000000e2a80000, 0x0000000100000000)
  eden space 33280K, 0% used [0x00000000e0000000,0x00000000e0000000,0x00000000e2080000)
  from space 5120K, 99% used [0x00000000e2580000,0x00000000e2a7ac38,0x00000000e2a80000)
  to   space 5120K, 0% used [0x00000000e2080000,0x00000000e2080000,0x00000000e2580000)
 ParOldGen       total 87552K, used 341K [0x00000000a0000000, 0x00000000a5580000, 0x00000000e0000000)
  object space 87552K, 0% used [0x00000000a0000000,0x00000000a0055508,0x00000000a5580000)
 Metaspace       used 11235K, capacity 11516K, committed 11648K, reserved 1058816K
  class space    used 1522K, capacity 1624K, committed 1664K, reserved 1048576K
}
Event: 3.032 GC heap before
{Heap before GC invocations=3 (full 0):
 PSYoungGen      total 38400K, used 38379K [0x00000000e0000000, 0x00000000e2a80000, 0x0000000100000000)
  eden space 33280K, 100% used [0x00000000e0000000,0x00000000e2080000,0x00000000e2080000)
  from space 5120K, 99% used [0x00000000e2580000,0x00000000e2a7ac38,0x00000000e2a80000)
  to   space 5120K, 0% used [0x00000000e2080000,0x00000000e2080000,0x00000000e2580000)
 ParOldGen       total 87552K, used 341K [0x00000000a0000000, 0x00000000a5580000, 0x00000000e0000000)
  object space 87552K, 0% used [0x00000000a0000000,0x00000000a0055508,0x00000000a5580000)
 Metaspace       used 14448K, capacity 14760K, committed 15104K, reserved 1062912K
  class space    used 2062K, capacity 2182K, committed 2304K, reserved 1048576K
Event: 3.048 GC heap after
Heap after GC invocations=3 (full 0):
 PSYoungGen      total 38400K, used 5117K [0x00000000e0000000, 0x00000000e4b00000, 0x0000000100000000)
  eden space 33280K, 0% used [0x00000000e0000000,0x00000000e0000000,0x00000000e2080000)
  from space 5120K, 99% used [0x00000000e2080000,0x00000000e257f508,0x00000000e2580000)
  to   space 5120K, 0% used [0x00000000e4600000,0x00000000e4600000,0x00000000e4b00000)
 ParOldGen       total 87552K, used 2269K [0x00000000a0000000, 0x00000000a5580000, 0x00000000e0000000)
  object space 87552K, 2% used [0x00000000a0000000,0x00000000a0237450,0x00000000a5580000)
 Metaspace       used 14448K, capacity 14760K, committed 15104K, reserved 1062912K
  class space    used 2062K, capacity 2182K, committed 2304K, reserved 1048576K
}

Deoptimization events (10 events):
Event: 2.641 Thread 0x000000001bac9000 Uncommon trap: reason=class_check action=maybe_recompile pc=0x00000000055c0ddc method=java.util.regex.Matcher.match(II)Z @ 86
Event: 2.926 Thread 0x000000001bac9000 Uncommon trap: reason=class_check action=maybe_recompile pc=0x00000000055c0ddc method=java.util.regex.Matcher.match(II)Z @ 86
Event: 3.051 Thread 0x000000001bac9000 Uncommon trap: reason=unstable_if action=reinterpret pc=0x00000000057b2eb4 method=java.lang.String.lastIndexOf([CII[CIII)I @ 66
Event: 3.144 Thread 0x000000001bac9000 Uncommon trap: reason=unstable_if action=reinterpret pc=0x0000000005480108 method=java.net.URI.match(CJJ)Z @ 19
Event: 3.146 Thread 0x000000001bac9000 Uncommon trap: reason=unstable_if action=reinterpret pc=0x00000000055f9308 method=java.net.URI.match(CJJ)Z @ 19
Event: 3.634 Thread 0x000000001bac9000 Uncommon trap: reason=unstable_if action=reinterpret pc=0x00000000055e9e2c method=java.io.File.getName()Ljava/lang/String; @ 16
Event: 3.794 Thread 0x000000001bac9000 Uncommon trap: reason=bimorphic action=maybe_recompile pc=0x00000000057d11f4 method=java.lang.ClassLoader.loadClass(Ljava/lang/String;Z)Ljava/lang/Class; @ 38
Event: 3.797 Thread 0x000000001bac9000 Uncommon trap: reason=bimorphic action=maybe_recompile pc=0x00000000057d11f4 method=java.lang.ClassLoader.loadClass(Ljava/lang/String;Z)Ljava/lang/Class; @ 38
Event: 3.799 Thread 0x000000001bac9000 Uncommon trap: reason=bimorphic action=maybe_recompile pc=0x00000000057d11f4 method=java.lang.ClassLoader.loadClass(Ljava/lang/String;Z)Ljava/lang/Class; @ 38
Event: 3.799 Thread 0x000000001bac9000 Uncommon trap: reason=bimorphic action=maybe_recompile pc=0x00000000057d11f4 method=java.lang.ClassLoader.loadClass(Ljava/lang/String;Z)Ljava/lang/Class; @ 38

Internal exceptions (10 events):
Event: 2.585 Thread 0x000000001ba9a800 Exception <a 'java/lang/NoSuchMethodError': <clinit>> (0x00000000e0223af8) thrown at [C:\re\workspace\8-2-build-windows-amd64-cygwin\jdk8u51\3951\hotspot\src\share\vm\prims\jni.cpp, line 1598]
Event: 2.610 Thread 0x000000001bac9000 Exception <a 'java/lang/NoSuchMethodError': <clinit>> (0x00000000e0362500) thrown at [C:\re\workspace\8-2-build-windows-amd64-cygwin\jdk8u51\3951\hotspot\src\share\vm\prims\jni.cpp, line 1598]
Event: 2.611 Thread 0x000000001bac9000 Exception <a 'java/lang/NoSuchMethodError': <clinit>> (0x00000000e036a418) thrown at [C:\re\workspace\8-2-build-windows-amd64-cygwin\jdk8u51\3951\hotspot\src\share\vm\prims\jni.cpp, line 1598]
Event: 3.664 Thread 0x000000001bac9000 Exception <a 'java/lang/NoSuchMethodError': <clinit>> (0x00000000e174c178) thrown at [C:\re\workspace\8-2-build-windows-amd64-cygwin\jdk8u51\3951\hotspot\src\share\vm\prims\jni.cpp, line 1598]
Event: 3.665 Thread 0x000000001bac9000 Exception <a 'java/lang/NoSuchMethodError': <clinit>> (0x00000000e174e9b8) thrown at [C:\re\workspace\8-2-build-windows-amd64-cygwin\jdk8u51\3951\hotspot\src\share\vm\prims\jni.cpp, line 1598]
Event: 3.665 Thread 0x000000001bac9000 Exception <a 'java/lang/NoSuchMethodError': <clinit>> (0x00000000e175b1e8) thrown at [C:\re\workspace\8-2-build-windows-amd64-cygwin\jdk8u51\3951\hotspot\src\share\vm\prims\jni.cpp, line 1598]
Event: 3.666 Thread 0x000000001bac9000 Exception <a 'java/lang/NoSuchMethodError': <clinit>> (0x00000000e1765ba8) thrown at [C:\re\workspace\8-2-build-windows-amd64-cygwin\jdk8u51\3951\hotspot\src\share\vm\prims\jni.cpp, line 1598]
Event: 3.805 Thread 0x000000001bac9000 Exception <a 'java/lang/NoSuchMethodError': <clinit>> (0x00000000e1b585e8) thrown at [C:\re\workspace\8-2-build-windows-amd64-cygwin\jdk8u51\3951\hotspot\src\share\vm\prims\jni.cpp, line 1598]
Event: 3.821 Thread 0x000000001bac9000 Exception <a 'java/lang/NoSuchMethodError': <clinit>> (0x00000000e1ba23b8) thrown at [C:\re\workspace\8-2-build-windows-amd64-cygwin\jdk8u51\3951\hotspot\src\share\vm\prims\jni.cpp, line 1598]
Event: 3.825 Thread 0x000000001bac9000 Exception <a 'java/lang/NoSuchMethodError': <clinit>> (0x00000000e1bb60f8) thrown at [C:\re\workspace\8-2-build-windows-amd64-cygwin\jdk8u51\3951\hotspot\src\share\vm\prims\jni.cpp, line 1598]

Events (10 events):
Event: 3.821 loading class org/jetbrains/kotlin/gradle/KotlinGradleModel
Event: 3.821 loading class org/jetbrains/kotlin/gradle/KotlinGradleModel done
Event: 3.826 loading class com/android/builder/model/AndroidProject
Event: 3.826 loading class com/android/builder/model/AndroidProject done
Event: 3.833 loading class com/android/builder/model/NativeAndroidProject
Event: 3.833 loading class com/android/builder/model/NativeAndroidProject done
Event: 3.833 loading class com/android/builder/model/level2/GlobalLibraryMap
Event: 3.833 loading class com/android/builder/model/level2/GlobalLibraryMap done
Event: 3.834 loading class com/google/appengine/gradle/model/AppEngineModel
Event: 3.834 loading class com/google/appengine/gradle/model/AppEngineModel done


Dynamic libraries:
0x00007ff71e710000 - 0x00007ff71e747000 	C:\Program Files\Java\jdk1.8.0_51\bin\java.exe
0x00007fff99cd0000 - 0x00007fff99eb0000 	C:\WINDOWS\SYSTEM32\ntdll.dll
0x00007fff98ea0000 - 0x00007fff98f4e000 	C:\WINDOWS\System32\KERNEL32.DLL
0x00007fff96390000 - 0x00007fff965f6000 	C:\WINDOWS\System32\KERNELBASE.dll
0x00007fff99080000 - 0x00007fff99121000 	C:\WINDOWS\System32\ADVAPI32.dll
0x00007fff98d20000 - 0x00007fff98dbd000 	C:\WINDOWS\System32\msvcrt.dll
0x00007fff99c40000 - 0x00007fff99c9b000 	C:\WINDOWS\System32\sechost.dll
0x00007fff988f0000 - 0x00007fff98a0f000 	C:\WINDOWS\System32\RPCRT4.dll
0x00007fff99ab0000 - 0x00007fff99c3f000 	C:\WINDOWS\System32\USER32.dll
0x00007fff96730000 - 0x00007fff96750000 	C:\WINDOWS\System32\win32u.dll
0x00007fff98a10000 - 0x00007fff98a38000 	C:\WINDOWS\System32\GDI32.dll
0x00007fff97000000 - 0x00007fff97193000 	C:\WINDOWS\System32\gdi32full.dll
0x00007fff962a0000 - 0x00007fff9633b000 	C:\WINDOWS\System32\msvcp_win.dll
0x00007fff96750000 - 0x00007fff96846000 	C:\WINDOWS\System32\ucrtbase.dll
0x00007fff89740000 - 0x00007fff899a9000 	C:\WINDOWS\WinSxS\amd64_microsoft.windows.common-controls_6595b64144ccf1df_6.0.16299.248_none_15ced204935f55d7\COMCTL32.dll
0x00007fff992e0000 - 0x00007fff995e8000 	C:\WINDOWS\System32\combase.dll
0x00007fff966b0000 - 0x00007fff96722000 	C:\WINDOWS\System32\bcryptPrimitives.dll
0x00007fff98dc0000 - 0x00007fff98ded000 	C:\WINDOWS\System32\IMM32.DLL
0x0000000052380000 - 0x0000000052452000 	C:\Program Files\Java\jdk1.8.0_51\jre\bin\msvcr100.dll
0x0000000051af0000 - 0x0000000052373000 	C:\Program Files\Java\jdk1.8.0_51\jre\bin\server\jvm.dll
0x00007fff99aa0000 - 0x00007fff99aa8000 	C:\WINDOWS\System32\PSAPI.DLL
0x00007fff8a8a0000 - 0x00007fff8a8aa000 	C:\WINDOWS\SYSTEM32\VERSION.dll
0x00007fff93fe0000 - 0x00007fff94003000 	C:\WINDOWS\SYSTEM32\WINMM.dll
0x00007fff90920000 - 0x00007fff90929000 	C:\WINDOWS\SYSTEM32\WSOCK32.dll
0x00007fff98a40000 - 0x00007fff98aac000 	C:\WINDOWS\System32\WS2_32.dll
0x00007fff93fb0000 - 0x00007fff93fda000 	C:\WINDOWS\SYSTEM32\WINMMBASE.dll
0x00007fff96340000 - 0x00007fff9638a000 	C:\WINDOWS\System32\cfgmgr32.dll
0x0000000051ae0000 - 0x0000000051aef000 	C:\Program Files\Java\jdk1.8.0_51\jre\bin\verify.dll
0x0000000051ab0000 - 0x0000000051ad9000 	C:\Program Files\Java\jdk1.8.0_51\jre\bin\java.dll
0x0000000051a90000 - 0x0000000051aa6000 	C:\Program Files\Java\jdk1.8.0_51\jre\bin\zip.dll
0x00007fff974b0000 - 0x00007fff988e6000 	C:\WINDOWS\System32\SHELL32.dll
0x00007fff98df0000 - 0x00007fff98e96000 	C:\WINDOWS\System32\shcore.dll
0x00007fff968b0000 - 0x00007fff96ff7000 	C:\WINDOWS\System32\windows.storage.dll
0x00007fff99280000 - 0x00007fff992d1000 	C:\WINDOWS\System32\shlwapi.dll
0x00007fff96060000 - 0x00007fff96071000 	C:\WINDOWS\System32\kernel.appcore.dll
0x00007fff96080000 - 0x00007fff960cc000 	C:\WINDOWS\System32\powrprof.dll
0x00007fff96040000 - 0x00007fff9605b000 	C:\WINDOWS\System32\profapi.dll
0x0000000051a70000 - 0x0000000051a8a000 	C:\Program Files\Java\jdk1.8.0_51\jre\bin\net.dll
0x00007fff958b0000 - 0x00007fff95916000 	C:\WINDOWS\system32\mswsock.dll
0x0000000051a50000 - 0x0000000051a61000 	C:\Program Files\Java\jdk1.8.0_51\jre\bin\nio.dll
0x00007fff853b0000 - 0x00007fff853ce000 	C:\Users\Jack\.gradle\native\25\windows-amd64\native-platform.dll
0x0000000051a40000 - 0x0000000051a4d000 	C:\Program Files\Java\jdk1.8.0_51\jre\bin\management.dll
0x00007fff95a80000 - 0x00007fff95a97000 	C:\WINDOWS\SYSTEM32\CRYPTSP.dll
0x00007fff954c0000 - 0x00007fff954f3000 	C:\WINDOWS\system32\rsaenh.dll
0x00007fff95b80000 - 0x00007fff95ba5000 	C:\WINDOWS\SYSTEM32\bcrypt.dll
0x00007fff95f20000 - 0x00007fff95f49000 	C:\WINDOWS\SYSTEM32\USERENV.dll
0x00007fff95a70000 - 0x00007fff95a7b000 	C:\WINDOWS\SYSTEM32\CRYPTBASE.dll
0x00007fff95640000 - 0x00007fff95679000 	C:\WINDOWS\SYSTEM32\IPHLPAPI.DLL
0x00007fff98bd0000 - 0x00007fff98bd8000 	C:\WINDOWS\System32\NSI.dll
0x00007fff90090000 - 0x00007fff900a6000 	C:\WINDOWS\SYSTEM32\dhcpcsvc6.DLL
0x00007fff90070000 - 0x00007fff9008a000 	C:\WINDOWS\SYSTEM32\dhcpcsvc.DLL

VM Arguments:
jvm_args: -Xmx1536m -Dfile.encoding=windows-1252 -Duser.country=US -Duser.language=en -Duser.variant 
java_command: org.gradle.launcher.daemon.bootstrap.GradleDaemon 4.4
java_class_path (initial): C:\Users\Jack\.gradle\wrapper\dists\gradle-4.4-all\9br9xq1tocpiv8o6njlyu5op1\gradle-4.4\lib\gradle-launcher-4.4.jar
Launcher Type: SUN_STANDARD

Environment Variables:
JAVA_HOME=C:\Program Files\Java\jdk1.8.0_51
PATH=C:\MinGW\bin;C:\MinGW\msys\1.0\bin;C:\ProgramData\Oracle\Java\javapath;C:\Windows\system32;C:\Windows;C:\Windows\System32\Wbem;C:\Windows\System32\WindowsPowerShell\v1.0\;C:\Program Files (x86)\ATI Technologies\ATI.ACE\Core-Static;C:\Python27\;C:\Python27\Scripts\;C:\Program Files\Microsoft SQL Server\130\Tools\Binn\;C:\Program Files (x86)\Windows Kits\10\Windows Performance Toolkit\;C:\WINDOWS\system32;C:\WINDOWS;C:\WINDOWS\System32\Wbem;C:\WINDOWS\System32\WindowsPowerShell\v1.0\;C:\Program Files (x86)\GtkSharp\2.12\bin;C:\Users\Jack\AppData\Local\Android\sdk\platform-tools;C:\Users\Jack\AppData\Local\Android\sdk\tools;C:\Program Files\nodejs\;C:\Ruby24-x64\bin;C:\Program Files\Git\bin;C:\Program Files\Git\cmd;C:\Program Files\MongoDB\Server\3.6\bin;C:\Ruby24-x64\bin;C:\Users\Jack\AppData\Local\Google\Cloud SDK\google-cloud-sdk\bin;C:\Users\Jack\AppData\Roaming\npm;C:\Users\Jack\Anaconda3;C:\Users\Jack\Anaconda3\Scripts;
USERNAME=Jack
OS=Windows_NT
PROCESSOR_IDENTIFIER=Intel64 Family 6 Model 42 Stepping 7, GenuineIntel



---------------  S Y S T E M  ---------------

OS: Windows 10.0 , 64 bit Build 16299 (10.0.16299.15)

CPU:total 4 (2 cores per cpu, 2 threads per core) family 6 model 42 stepping 7, cmov, cx8, fxsr, mmx, sse, sse2, sse3, ssse3, sse4.1, sse4.2, popcnt, avx, aes, clmul, ht, tsc, tscinvbit

Memory: 4k page, physical 8302444k(1070952k free), swap 10257260k(4104k free)

vm_info: Java HotSpot(TM) 64-Bit Server VM (25.51-b03) for windows-amd64 JRE (1.8.0_51-b16), built on Jun  8 2015 18:03:07 by "java_re" with MS VC++ 10.0 (VS2010)

time: Tue Nov 13 08:13:13 2018
elapsed time: 3 seconds (0d 0h 0m 3s)

