#
# There is insufficient memory for the Java Runtime Environment to continue.
# Native memory allocation (malloc) failed to allocate 2331216 bytes for Chunk::new
# Possible reasons:
#   The system is out of physical RAM or swap space
#   In 32 bit mode, the process size limit was hit
# Possible solutions:
#   Reduce memory load on the system
#   Increase physical memory or swap space
#   Check if swap backing store is full
#   Use 64 bit Java on a 64 bit OS
#   Decrease Java heap size (-Xmx/-Xms)
#   Decrease number of Java threads
#   Decrease Java thread stack sizes (-Xss)
#   Set larger code cache with -XX:ReservedCodeCacheSize=
# This output file may be truncated or incomplete.
#
#  Out of Memory Error (allocation.cpp:390), pid=8128, tid=10256
#
# JRE version: Java(TM) SE Runtime Environment (8.0_51-b16) (build 1.8.0_51-b16)
# Java VM: Java HotSpot(TM) 64-Bit Server VM (25.51-b03 mixed mode windows-amd64 compressed oops)
# Failed to write core dump. Minidumps are not enabled by default on client versions of Windows
#

---------------  T H R E A D  ---------------

Current thread (0x0000000018a00000):  JavaThread "C2 CompilerThread1" daemon [_thread_in_native, id=10256, stack(0x000000001a150000,0x000000001a250000)]

Stack: [0x000000001a150000,0x000000001a250000]
Native frames: (J=compiled Java code, j=interpreted, Vv=VM code, C=native code)
V  [jvm.dll+0x32b4ca]
V  [jvm.dll+0x2797e3]
V  [jvm.dll+0x27a479]
V  [jvm.dll+0x271765]
V  [jvm.dll+0xcba02]
V  [jvm.dll+0xcbecc]
V  [jvm.dll+0x492a7c]
V  [jvm.dll+0x45f7bf]
V  [jvm.dll+0x46a7cb]
V  [jvm.dll+0x46cde2]
V  [jvm.dll+0x4501a2]
V  [jvm.dll+0xa43a2]
V  [jvm.dll+0xa4cdf]
V  [jvm.dll+0x2418a4]
V  [jvm.dll+0x29846a]
C  [msvcr100.dll+0x21d9f]
C  [msvcr100.dll+0x21e3b]
C  [KERNEL32.DLL+0x11fe4]
C  [ntdll.dll+0x6efc1]


Current CompileTask:
C2:   3878 1530   !   4       java.net.URLClassLoader$1::run (63 bytes)


---------------  P R O C E S S  ---------------

Java Threads: ( => current thread )
  0x000000001de3f800 JavaThread "Cache worker for file hash cache (C:\Users\Jack\AndroidStudioProjects\Udacity Tutorial\ud851-Exercises-student\Lesson05a-Android-Lifecycle\T05a.02-Exercise-PersistData\.gradle\4.4\fileHashes)" [_thread_blocked, id=5336, stack(0x000000001e910000,0x000000001ea10000)]
  0x000000001ba43000 JavaThread "File lock request listener" [_thread_in_native, id=16020, stack(0x000000001d840000,0x000000001d940000)]
  0x000000001ba32000 JavaThread "Cache worker for file hash cache (C:\Users\Jack\.gradle\caches\4.4\fileHashes)" [_thread_blocked, id=15796, stack(0x000000001d740000,0x000000001d840000)]
  0x000000001b950800 JavaThread "Stdin handler" [_thread_blocked, id=15264, stack(0x000000001d440000,0x000000001d540000)]
  0x000000001b94f800 JavaThread "Asynchronous log dispatcher for DefaultDaemonConnection: socket connection from /127.0.0.1:61173 to /127.0.0.1:61174" [_thread_blocked, id=16928, stack(0x000000001d340000,0x000000001d440000)]
  0x000000001b93a800 JavaThread "Daemon worker" [_thread_in_native, id=12396, stack(0x000000001d240000,0x000000001d340000)]
  0x000000001b94d800 JavaThread "Cancel handler" [_thread_blocked, id=924, stack(0x000000001d140000,0x000000001d240000)]
  0x000000001bbe2800 JavaThread "Handler for socket connection from /127.0.0.1:61173 to /127.0.0.1:61174" [_thread_in_native, id=11512, stack(0x000000001ce40000,0x000000001cf40000)]
  0x000000001bbe1800 JavaThread "Daemon" [_thread_blocked, id=13600, stack(0x000000001cd40000,0x000000001ce40000)]
  0x000000001bbdd000 JavaThread "Daemon periodic checks" [_thread_blocked, id=12004, stack(0x000000001cc40000,0x000000001cd40000)]
  0x000000001bb92800 JavaThread "Incoming local TCP Connector on port 61173" [_thread_in_native, id=14068, stack(0x000000001c760000,0x000000001c860000)]
  0x000000001b822800 JavaThread "Daemon health stats" [_thread_blocked, id=3916, stack(0x000000001c120000,0x000000001c220000)]
  0x000000001a380800 JavaThread "Service Thread" daemon [_thread_blocked, id=13548, stack(0x000000001a750000,0x000000001a850000)]
  0x0000000018a0a000 JavaThread "C1 CompilerThread2" daemon [_thread_blocked, id=16364, stack(0x000000001a250000,0x000000001a350000)]
=>0x0000000018a00000 JavaThread "C2 CompilerThread1" daemon [_thread_in_native, id=10256, stack(0x000000001a150000,0x000000001a250000)]
  0x00000000189fe000 JavaThread "C2 CompilerThread0" daemon [_thread_in_native, id=5628, stack(0x000000001a050000,0x000000001a150000)]
  0x00000000189fb000 JavaThread "Attach Listener" daemon [_thread_blocked, id=15052, stack(0x0000000019f50000,0x000000001a050000)]
  0x00000000189fa000 JavaThread "Signal Dispatcher" daemon [_thread_blocked, id=2632, stack(0x0000000019e50000,0x0000000019f50000)]
  0x0000000004f97800 JavaThread "Finalizer" daemon [_thread_blocked, id=8680, stack(0x0000000019c50000,0x0000000019d50000)]
  0x0000000004f8f000 JavaThread "Reference Handler" daemon [_thread_blocked, id=14720, stack(0x0000000019b50000,0x0000000019c50000)]
  0x0000000004ea0800 JavaThread "main" [_thread_blocked, id=12248, stack(0x0000000004d80000,0x0000000004e80000)]

Other Threads:
  0x00000000189c7800 VMThread [stack: 0x0000000019a50000,0x0000000019b50000] [id=16304]
  0x000000001a386800 WatcherThread [stack: 0x000000001a850000,0x000000001a950000] [id=3740]

VM state:not at safepoint (normal execution)

VM Mutex/Monitor currently owned by a thread: None

Heap:
 PSYoungGen      total 38400K, used 33479K [0x00000000e0000000, 0x00000000e4b00000, 0x0000000100000000)
  eden space 33280K, 85% used [0x00000000e0000000,0x00000000e1bb5e00,0x00000000e2080000)
  from space 5120K, 99% used [0x00000000e2080000,0x00000000e257c030,0x00000000e2580000)
  to   space 5120K, 0% used [0x00000000e4600000,0x00000000e4600000,0x00000000e4b00000)
 ParOldGen       total 87552K, used 2346K [0x00000000a0000000, 0x00000000a5580000, 0x00000000e0000000)
  object space 87552K, 2% used [0x00000000a0000000,0x00000000a024a9f0,0x00000000a5580000)
 Metaspace       used 17237K, capacity 17706K, committed 17920K, reserved 1064960K
  class space    used 2534K, capacity 2709K, committed 2816K, reserved 1048576K

Card table byte_map: [0x0000000014450000,0x0000000014760000] byte_map_base: 0x0000000013f50000

Marking Bits: (ParMarkBitMap*) 0x00000000522f4040
 Begin Bits: [0x0000000014d60000, 0x0000000016560000)
 End Bits:   [0x0000000016560000, 0x0000000017d60000)

Polling page: 0x0000000003740000

CodeCache: size=245760Kb used=5411Kb max_used=5411Kb free=240348Kb
 bounds [0x0000000005090000, 0x00000000055e0000, 0x0000000014090000]
 total_blobs=1998 nmethods=1622 adapters=288
 compilation: enabled

Compilation events (10 events):
Event: 3.847 Thread 0x0000000018a0a000 1623       3       java.net.Parts::<init> (87 bytes)
Event: 3.847 Thread 0x0000000018a0a000 nmethod 1623 0x00000000055d7490 code [0x00000000055d7660, 0x00000000055d7ff8]
Event: 3.851 Thread 0x0000000018a0a000 1624       3       java.util.HashMap$HashIterator::<init> (79 bytes)
Event: 3.851 Thread 0x0000000018a0a000 nmethod 1624 0x00000000055d8290 code [0x00000000055d8400, 0x00000000055d8790]
Event: 3.852 Thread 0x0000000018a0a000 1625       3       sun.reflect.ClassFileAssembler::opc_invokespecial (26 bytes)
Event: 3.852 Thread 0x0000000018a0a000 nmethod 1625 0x00000000055d8910 code [0x00000000055d8ae0, 0x00000000055d9068]
Event: 3.852 Thread 0x0000000018a0a000 1626       3       sun.reflect.ClassFileAssembler::emitInt (46 bytes)
Event: 3.853 Thread 0x0000000018a0a000 nmethod 1626 0x00000000055d9450 code [0x00000000055d9620, 0x00000000055d9b58]
Event: 3.853 Thread 0x0000000018a0a000 1627       3       java.lang.reflect.Constructor::newInstance (87 bytes)
Event: 3.854 Thread 0x0000000018a0a000 nmethod 1627 0x00000000055d9ed0 code [0x00000000055da0c0, 0x00000000055da7e8]

GC Heap History (6 events):
Event: 1.084 GC heap before
{Heap before GC invocations=1 (full 0):
 PSYoungGen      total 38400K, used 33280K [0x00000000e0000000, 0x00000000e2a80000, 0x0000000100000000)
  eden space 33280K, 100% used [0x00000000e0000000,0x00000000e2080000,0x00000000e2080000)
  from space 5120K, 0% used [0x00000000e2580000,0x00000000e2580000,0x00000000e2a80000)
  to   space 5120K, 0% used [0x00000000e2080000,0x00000000e2080000,0x00000000e2580000)
 ParOldGen       total 87552K, used 0K [0x00000000a0000000, 0x00000000a5580000, 0x00000000e0000000)
  object space 87552K, 0% used [0x00000000a0000000,0x00000000a0000000,0x00000000a5580000)
 Metaspace       used 6610K, capacity 6766K, committed 7040K, reserved 1056768K
  class space    used 819K, capacity 875K, committed 896K, reserved 1048576K
Event: 1.092 GC heap after
Heap after GC invocations=1 (full 0):
 PSYoungGen      total 38400K, used 4183K [0x00000000e0000000, 0x00000000e2a80000, 0x0000000100000000)
  eden space 33280K, 0% used [0x00000000e0000000,0x00000000e0000000,0x00000000e2080000)
  from space 5120K, 81% used [0x00000000e2080000,0x00000000e2495d10,0x00000000e2580000)
  to   space 5120K, 0% used [0x00000000e2580000,0x00000000e2580000,0x00000000e2a80000)
 ParOldGen       total 87552K, used 8K [0x00000000a0000000, 0x00000000a5580000, 0x00000000e0000000)
  object space 87552K, 0% used [0x00000000a0000000,0x00000000a0002000,0x00000000a5580000)
 Metaspace       used 6610K, capacity 6766K, committed 7040K, reserved 1056768K
  class space    used 819K, capacity 875K, committed 896K, reserved 1048576K
}
Event: 2.510 GC heap before
{Heap before GC invocations=2 (full 0):
 PSYoungGen      total 38400K, used 37463K [0x00000000e0000000, 0x00000000e2a80000, 0x0000000100000000)
  eden space 33280K, 100% used [0x00000000e0000000,0x00000000e2080000,0x00000000e2080000)
  from space 5120K, 81% used [0x00000000e2080000,0x00000000e2495d10,0x00000000e2580000)
  to   space 5120K, 0% used [0x00000000e2580000,0x00000000e2580000,0x00000000e2a80000)
 ParOldGen       total 87552K, used 8K [0x00000000a0000000, 0x00000000a5580000, 0x00000000e0000000)
  object space 87552K, 0% used [0x00000000a0000000,0x00000000a0002000,0x00000000a5580000)
 Metaspace       used 11234K, capacity 11516K, committed 11648K, reserved 1058816K
  class space    used 1522K, capacity 1624K, committed 1664K, reserved 1048576K
Event: 2.518 GC heap after
Heap after GC invocations=2 (full 0):
 PSYoungGen      total 38400K, used 5117K [0x00000000e0000000, 0x00000000e2a80000, 0x0000000100000000)
  eden space 33280K, 0% used [0x00000000e0000000,0x00000000e0000000,0x00000000e2080000)
  from space 5120K, 99% used [0x00000000e2580000,0x00000000e2a7f5b0,0x00000000e2a80000)
  to   space 5120K, 0% used [0x00000000e2080000,0x00000000e2080000,0x00000000e2580000)
 ParOldGen       total 87552K, used 360K [0x00000000a0000000, 0x00000000a5580000, 0x00000000e0000000)
  object space 87552K, 0% used [0x00000000a0000000,0x00000000a005a298,0x00000000a5580000)
 Metaspace       used 11234K, capacity 11516K, committed 11648K, reserved 1058816K
  class space    used 1522K, capacity 1624K, committed 1664K, reserved 1048576K
}
Event: 3.023 GC heap before
{Heap before GC invocations=3 (full 0):
 PSYoungGen      total 38400K, used 38397K [0x00000000e0000000, 0x00000000e2a80000, 0x0000000100000000)
  eden space 33280K, 100% used [0x00000000e0000000,0x00000000e2080000,0x00000000e2080000)
  from space 5120K, 99% used [0x00000000e2580000,0x00000000e2a7f5b0,0x00000000e2a80000)
  to   space 5120K, 0% used [0x00000000e2080000,0x00000000e2080000,0x00000000e2580000)
 ParOldGen       total 87552K, used 360K [0x00000000a0000000, 0x00000000a5580000, 0x00000000e0000000)
  object space 87552K, 0% used [0x00000000a0000000,0x00000000a005a298,0x00000000a5580000)
 Metaspace       used 14459K, capacity 14824K, committed 15104K, reserved 1062912K
  class space    used 2064K, capacity 2182K, committed 2304K, reserved 1048576K
Event: 3.035 GC heap after
Heap after GC invocations=3 (full 0):
 PSYoungGen      total 38400K, used 5104K [0x00000000e0000000, 0x00000000e4b00000, 0x0000000100000000)
  eden space 33280K, 0% used [0x00000000e0000000,0x00000000e0000000,0x00000000e2080000)
  from space 5120K, 99% used [0x00000000e2080000,0x00000000e257c030,0x00000000e2580000)
  to   space 5120K, 0% used [0x00000000e4600000,0x00000000e4600000,0x00000000e4b00000)
 ParOldGen       total 87552K, used 2346K [0x00000000a0000000, 0x00000000a5580000, 0x00000000e0000000)
  object space 87552K, 2% used [0x00000000a0000000,0x00000000a024a9f0,0x00000000a5580000)
 Metaspace       used 14459K, capacity 14824K, committed 15104K, reserved 1062912K
  class space    used 2064K, capacity 2182K, committed 2304K, reserved 1048576K
}

Deoptimization events (10 events):
Event: 2.639 Thread 0x000000001b93a800 Uncommon trap: reason=class_check action=maybe_recompile pc=0x000000000532eddc method=java.util.regex.Matcher.match(II)Z @ 86
Event: 2.935 Thread 0x000000001b93a800 Uncommon trap: reason=class_check action=maybe_recompile pc=0x000000000532eddc method=java.util.regex.Matcher.match(II)Z @ 86
Event: 3.039 Thread 0x000000001b93a800 Uncommon trap: reason=unstable_if action=reinterpret pc=0x000000000551c7f4 method=java.lang.String.lastIndexOf([CII[CIII)I @ 66
Event: 3.115 Thread 0x000000001b93a800 Uncommon trap: reason=unstable_if action=reinterpret pc=0x00000000051fbe08 method=java.net.URI.match(CJJ)Z @ 19
Event: 3.115 Thread 0x000000001b93a800 Uncommon trap: reason=unstable_if action=reinterpret pc=0x0000000005366b88 method=java.net.URI.match(CJJ)Z @ 19
Event: 3.650 Thread 0x000000001b93a800 Uncommon trap: reason=unstable_if action=reinterpret pc=0x000000000535956c method=java.io.File.getName()Ljava/lang/String; @ 16
Event: 3.843 Thread 0x000000001b93a800 Uncommon trap: reason=bimorphic action=maybe_recompile pc=0x00000000055390f8 method=java.lang.ClassLoader.loadClass(Ljava/lang/String;Z)Ljava/lang/Class; @ 38
Event: 3.846 Thread 0x000000001b93a800 Uncommon trap: reason=bimorphic action=maybe_recompile pc=0x00000000055390f8 method=java.lang.ClassLoader.loadClass(Ljava/lang/String;Z)Ljava/lang/Class; @ 38
Event: 3.847 Thread 0x000000001b93a800 Uncommon trap: reason=bimorphic action=maybe_recompile pc=0x00000000055390f8 method=java.lang.ClassLoader.loadClass(Ljava/lang/String;Z)Ljava/lang/Class; @ 38
Event: 3.847 Thread 0x000000001b93a800 Uncommon trap: reason=bimorphic action=maybe_recompile pc=0x00000000055390f8 method=java.lang.ClassLoader.loadClass(Ljava/lang/String;Z)Ljava/lang/Class; @ 38

Internal exceptions (10 events):
Event: 2.578 Thread 0x000000001bbe2800 Exception <a 'java/lang/NoSuchMethodError': <clinit>> (0x00000000e01e5338) thrown at [C:\re\workspace\8-2-build-windows-amd64-cygwin\jdk8u51\3951\hotspot\src\share\vm\prims\jni.cpp, line 1598]
Event: 2.583 Thread 0x000000001bbe2800 Exception <a 'java/lang/NoSuchMethodError': <clinit>> (0x00000000e01ff8a8) thrown at [C:\re\workspace\8-2-build-windows-amd64-cygwin\jdk8u51\3951\hotspot\src\share\vm\prims\jni.cpp, line 1598]
Event: 2.587 Thread 0x000000001bbe2800 Exception <a 'java/lang/NoSuchMethodError': <clinit>> (0x00000000e02229b0) thrown at [C:\re\workspace\8-2-build-windows-amd64-cygwin\jdk8u51\3951\hotspot\src\share\vm\prims\jni.cpp, line 1598]
Event: 2.613 Thread 0x000000001b93a800 Exception <a 'java/lang/NoSuchMethodError': <clinit>> (0x00000000e035f5c0) thrown at [C:\re\workspace\8-2-build-windows-amd64-cygwin\jdk8u51\3951\hotspot\src\share\vm\prims\jni.cpp, line 1598]
Event: 2.613 Thread 0x000000001b93a800 Exception <a 'java/lang/NoSuchMethodError': <clinit>> (0x00000000e03674d8) thrown at [C:\re\workspace\8-2-build-windows-amd64-cygwin\jdk8u51\3951\hotspot\src\share\vm\prims\jni.cpp, line 1598]
Event: 3.703 Thread 0x000000001b93a800 Exception <a 'java/lang/NoSuchMethodError': <clinit>> (0x00000000e1747d88) thrown at [C:\re\workspace\8-2-build-windows-amd64-cygwin\jdk8u51\3951\hotspot\src\share\vm\prims\jni.cpp, line 1598]
Event: 3.703 Thread 0x000000001b93a800 Exception <a 'java/lang/NoSuchMethodError': <clinit>> (0x00000000e174a5c8) thrown at [C:\re\workspace\8-2-build-windows-amd64-cygwin\jdk8u51\3951\hotspot\src\share\vm\prims\jni.cpp, line 1598]
Event: 3.704 Thread 0x000000001b93a800 Exception <a 'java/lang/NoSuchMethodError': <clinit>> (0x00000000e1756df8) thrown at [C:\re\workspace\8-2-build-windows-amd64-cygwin\jdk8u51\3951\hotspot\src\share\vm\prims\jni.cpp, line 1598]
Event: 3.705 Thread 0x000000001b93a800 Exception <a 'java/lang/NoSuchMethodError': <clinit>> (0x00000000e17617b8) thrown at [C:\re\workspace\8-2-build-windows-amd64-cygwin\jdk8u51\3951\hotspot\src\share\vm\prims\jni.cpp, line 1598]
Event: 3.852 Thread 0x000000001b93a800 Exception <a 'java/lang/NoSuchMethodError': <clinit>> (0x00000000e1b3cef0) thrown at [C:\re\workspace\8-2-build-windows-amd64-cygwin\jdk8u51\3951\hotspot\src\share\vm\prims\jni.cpp, line 1598]

Events (10 events):
Event: 3.850 loading class org/gradle/tooling/internal/consumer/connection/BuildInvocationsAdapterController
Event: 3.850 loading class org/gradle/tooling/internal/consumer/connection/BuildInvocationsAdapterController done
Event: 3.850 loading class org/gradle/tooling/BuildAction
Event: 3.850 loading class org/gradle/tooling/BuildAction done
Event: 3.851 loading class org/gradle/tooling/internal/consumer/versioning/VersionDetails
Event: 3.851 loading class org/gradle/tooling/internal/consumer/versioning/VersionDetails done
Event: 3.852 loading class org/gradle/tooling/internal/protocol/InternalBuildController
Event: 3.852 loading class org/gradle/tooling/internal/protocol/InternalBuildController done
Event: 3.853 loading class org/jetbrains/plugins/gradle/model/ProjectImportAction
Event: 3.853 loading class org/jetbrains/plugins/gradle/model/ProjectImportAction done


Dynamic libraries:
0x00007ff71e710000 - 0x00007ff71e747000 	C:\Program Files\Java\jdk1.8.0_51\bin\java.exe
0x00007fff99cd0000 - 0x00007fff99eb0000 	C:\WINDOWS\SYSTEM32\ntdll.dll
0x00007fff98ea0000 - 0x00007fff98f4e000 	C:\WINDOWS\System32\KERNEL32.DLL
0x00007fff96390000 - 0x00007fff965f6000 	C:\WINDOWS\System32\KERNELBASE.dll
0x00007fff99080000 - 0x00007fff99121000 	C:\WINDOWS\System32\ADVAPI32.dll
0x00007fff98d20000 - 0x00007fff98dbd000 	C:\WINDOWS\System32\msvcrt.dll
0x00007fff99c40000 - 0x00007fff99c9b000 	C:\WINDOWS\System32\sechost.dll
0x00007fff988f0000 - 0x00007fff98a0f000 	C:\WINDOWS\System32\RPCRT4.dll
0x00007fff99ab0000 - 0x00007fff99c3f000 	C:\WINDOWS\System32\USER32.dll
0x00007fff96730000 - 0x00007fff96750000 	C:\WINDOWS\System32\win32u.dll
0x00007fff98a10000 - 0x00007fff98a38000 	C:\WINDOWS\System32\GDI32.dll
0x00007fff97000000 - 0x00007fff97193000 	C:\WINDOWS\System32\gdi32full.dll
0x00007fff962a0000 - 0x00007fff9633b000 	C:\WINDOWS\System32\msvcp_win.dll
0x00007fff96750000 - 0x00007fff96846000 	C:\WINDOWS\System32\ucrtbase.dll
0x00007fff89740000 - 0x00007fff899a9000 	C:\WINDOWS\WinSxS\amd64_microsoft.windows.common-controls_6595b64144ccf1df_6.0.16299.248_none_15ced204935f55d7\COMCTL32.dll
0x00007fff992e0000 - 0x00007fff995e8000 	C:\WINDOWS\System32\combase.dll
0x00007fff966b0000 - 0x00007fff96722000 	C:\WINDOWS\System32\bcryptPrimitives.dll
0x00007fff98dc0000 - 0x00007fff98ded000 	C:\WINDOWS\System32\IMM32.DLL
0x0000000052380000 - 0x0000000052452000 	C:\Program Files\Java\jdk1.8.0_51\jre\bin\msvcr100.dll
0x0000000051af0000 - 0x0000000052373000 	C:\Program Files\Java\jdk1.8.0_51\jre\bin\server\jvm.dll
0x00007fff99aa0000 - 0x00007fff99aa8000 	C:\WINDOWS\System32\PSAPI.DLL
0x00007fff93fe0000 - 0x00007fff94003000 	C:\WINDOWS\SYSTEM32\WINMM.dll
0x00007fff90920000 - 0x00007fff90929000 	C:\WINDOWS\SYSTEM32\WSOCK32.dll
0x00007fff8a8a0000 - 0x00007fff8a8aa000 	C:\WINDOWS\SYSTEM32\VERSION.dll
0x00007fff98a40000 - 0x00007fff98aac000 	C:\WINDOWS\System32\WS2_32.dll
0x00007fff93fb0000 - 0x00007fff93fda000 	C:\WINDOWS\SYSTEM32\WINMMBASE.dll
0x00007fff96340000 - 0x00007fff9638a000 	C:\WINDOWS\System32\cfgmgr32.dll
0x0000000051ae0000 - 0x0000000051aef000 	C:\Program Files\Java\jdk1.8.0_51\jre\bin\verify.dll
0x0000000051ab0000 - 0x0000000051ad9000 	C:\Program Files\Java\jdk1.8.0_51\jre\bin\java.dll
0x0000000051a90000 - 0x0000000051aa6000 	C:\Program Files\Java\jdk1.8.0_51\jre\bin\zip.dll
0x00007fff974b0000 - 0x00007fff988e6000 	C:\WINDOWS\System32\SHELL32.dll
0x00007fff98df0000 - 0x00007fff98e96000 	C:\WINDOWS\System32\shcore.dll
0x00007fff968b0000 - 0x00007fff96ff7000 	C:\WINDOWS\System32\windows.storage.dll
0x00007fff99280000 - 0x00007fff992d1000 	C:\WINDOWS\System32\shlwapi.dll
0x00007fff96060000 - 0x00007fff96071000 	C:\WINDOWS\System32\kernel.appcore.dll
0x00007fff96080000 - 0x00007fff960cc000 	C:\WINDOWS\System32\powrprof.dll
0x00007fff96040000 - 0x00007fff9605b000 	C:\WINDOWS\System32\profapi.dll
0x0000000051a70000 - 0x0000000051a8a000 	C:\Program Files\Java\jdk1.8.0_51\jre\bin\net.dll
0x00007fff958b0000 - 0x00007fff95916000 	C:\WINDOWS\system32\mswsock.dll
0x0000000051a50000 - 0x0000000051a61000 	C:\Program Files\Java\jdk1.8.0_51\jre\bin\nio.dll
0x00007fff853b0000 - 0x00007fff853ce000 	C:\Users\Jack\.gradle\native\25\windows-amd64\native-platform.dll
0x0000000051a40000 - 0x0000000051a4d000 	C:\Program Files\Java\jdk1.8.0_51\jre\bin\management.dll
0x00007fff95a80000 - 0x00007fff95a97000 	C:\WINDOWS\SYSTEM32\CRYPTSP.dll
0x00007fff954c0000 - 0x00007fff954f3000 	C:\WINDOWS\system32\rsaenh.dll
0x00007fff95b80000 - 0x00007fff95ba5000 	C:\WINDOWS\SYSTEM32\bcrypt.dll
0x00007fff95f20000 - 0x00007fff95f49000 	C:\WINDOWS\SYSTEM32\USERENV.dll
0x00007fff95a70000 - 0x00007fff95a7b000 	C:\WINDOWS\SYSTEM32\CRYPTBASE.dll
0x00007fff95640000 - 0x00007fff95679000 	C:\WINDOWS\SYSTEM32\IPHLPAPI.DLL
0x00007fff98bd0000 - 0x00007fff98bd8000 	C:\WINDOWS\System32\NSI.dll
0x00007fff90090000 - 0x00007fff900a6000 	C:\WINDOWS\SYSTEM32\dhcpcsvc6.DLL
0x00007fff90070000 - 0x00007fff9008a000 	C:\WINDOWS\SYSTEM32\dhcpcsvc.DLL
0x00007fff89dd0000 - 0x00007fff89f98000 	C:\WINDOWS\SYSTEM32\dbghelp.dll

VM Arguments:
jvm_args: -Xmx1536m -Dfile.encoding=windows-1252 -Duser.country=US -Duser.language=en -Duser.variant 
java_command: org.gradle.launcher.daemon.bootstrap.GradleDaemon 4.4
java_class_path (initial): C:\Users\Jack\.gradle\wrapper\dists\gradle-4.4-all\9br9xq1tocpiv8o6njlyu5op1\gradle-4.4\lib\gradle-launcher-4.4.jar
Launcher Type: SUN_STANDARD

Environment Variables:
JAVA_HOME=C:\Program Files\Java\jdk1.8.0_51
PATH=C:\MinGW\bin;C:\MinGW\msys\1.0\bin;C:\ProgramData\Oracle\Java\javapath;C:\Windows\system32;C:\Windows;C:\Windows\System32\Wbem;C:\Windows\System32\WindowsPowerShell\v1.0\;C:\Program Files (x86)\ATI Technologies\ATI.ACE\Core-Static;C:\Python27\;C:\Python27\Scripts\;C:\Program Files\Microsoft SQL Server\130\Tools\Binn\;C:\Program Files (x86)\Windows Kits\10\Windows Performance Toolkit\;C:\WINDOWS\system32;C:\WINDOWS;C:\WINDOWS\System32\Wbem;C:\WINDOWS\System32\WindowsPowerShell\v1.0\;C:\Program Files (x86)\GtkSharp\2.12\bin;C:\Users\Jack\AppData\Local\Android\sdk\platform-tools;C:\Users\Jack\AppData\Local\Android\sdk\tools;C:\Program Files\nodejs\;C:\Ruby24-x64\bin;C:\Program Files\Git\bin;C:\Program Files\Git\cmd;C:\Program Files\MongoDB\Server\3.6\bin;C:\Ruby24-x64\bin;C:\Users\Jack\AppData\Local\Google\Cloud SDK\google-cloud-sdk\bin;C:\Users\Jack\AppData\Roaming\npm;C:\Users\Jack\Anaconda3;C:\Users\Jack\Anaconda3\Scripts;
USERNAME=Jack
OS=Windows_NT
PROCESSOR_IDENTIFIER=Intel64 Family 6 Model 42 Stepping 7, GenuineIntel



---------------  S Y S T E M  ---------------

OS: Windows 10.0 , 64 bit Build 16299 (10.0.16299.15)

CPU:total 4 (2 cores per cpu, 2 threads per core) family 6 model 42 stepping 7, cmov, cx8, fxsr, mmx, sse, sse2, sse3, ssse3, sse4.1, sse4.2, popcnt, avx, aes, clmul, ht, tsc, tscinvbit

Memory: 4k page, physical 8302444k(1090292k free), swap 10257260k(3136k free)

vm_info: Java HotSpot(TM) 64-Bit Server VM (25.51-b03) for windows-amd64 JRE (1.8.0_51-b16), built on Jun  8 2015 18:03:07 by "java_re" with MS VC++ 10.0 (VS2010)

time: Tue Nov 13 08:12:46 2018
elapsed time: 3 seconds (0d 0h 0m 3s)

